2025-11-27T01:53:40.100+05:30  INFO 3776 --- [auth] [restartedMain] com.prabhakar.auth.AuthApplication       : Starting AuthApplication using Java 21.0.7 with PID 3776 (D:\SpringBoot\auth\target\classes started by dell in D:\SpringBoot\auth)
2025-11-27T01:53:40.101+05:30 DEBUG 3776 --- [auth] [restartedMain] com.prabhakar.auth.AuthApplication       : Running with Spring Boot v4.0.0, Spring v7.0.1
2025-11-27T01:53:40.101+05:30  INFO 3776 --- [auth] [restartedMain] com.prabhakar.auth.AuthApplication       : No active profile set, falling back to 1 default profile: "default"
2025-11-27T01:53:40.342+05:30  INFO 3776 --- [auth] [restartedMain] .s.d.r.c.RepositoryConfigurationDelegate : Bootstrapping Spring Data JPA repositories in DEFAULT mode.
2025-11-27T01:53:40.373+05:30  INFO 3776 --- [auth] [restartedMain] .s.d.r.c.RepositoryConfigurationDelegate : Finished Spring Data repository scanning in 28 ms. Found 2 JPA repository interfaces.
2025-11-27T01:53:40.604+05:30  INFO 3776 --- [auth] [restartedMain] o.s.boot.tomcat.TomcatWebServer          : Tomcat initialized with port 8080 (http)
2025-11-27T01:53:40.606+05:30  INFO 3776 --- [auth] [restartedMain] o.apache.catalina.core.StandardService   : Starting service [Tomcat]
2025-11-27T01:53:40.606+05:30  INFO 3776 --- [auth] [restartedMain] o.apache.catalina.core.StandardEngine    : Starting Servlet engine: [Apache Tomcat/11.0.14]
2025-11-27T01:53:40.673+05:30  INFO 3776 --- [auth] [restartedMain] b.w.c.s.WebApplicationContextInitializer : Root WebApplicationContext: initialization completed in 571 ms
2025-11-27T01:53:40.760+05:30  INFO 3776 --- [auth] [restartedMain] o.hibernate.jpa.internal.util.LogHelper  : HHH000204: Processing PersistenceUnitInfo [name: default]
2025-11-27T01:53:40.894+05:30  INFO 3776 --- [auth] [restartedMain] o.s.o.j.p.SpringPersistenceUnitInfo      : No LoadTimeWeaver setup: ignoring JPA class transformer
2025-11-27T01:53:40.895+05:30  INFO 3776 --- [auth] [restartedMain] com.zaxxer.hikari.HikariDataSource       : HikariPool-21 - Starting...
2025-11-27T01:53:40.958+05:30  INFO 3776 --- [auth] [restartedMain] com.zaxxer.hikari.pool.HikariPool        : HikariPool-21 - Added connection org.postgresql.jdbc.PgConnection@3e1ddf1d
2025-11-27T01:53:40.958+05:30  INFO 3776 --- [auth] [restartedMain] com.zaxxer.hikari.HikariDataSource       : HikariPool-21 - Start completed.
2025-11-27T01:53:40.965+05:30  WARN 3776 --- [auth] [restartedMain] org.hibernate.orm.deprecation            : HHH90000025: PostgreSQLDialect does not need to be specified explicitly using 'hibernate.dialect' (remove the property setting and it will be selected by default)
2025-11-27T01:53:40.979+05:30  INFO 3776 --- [auth] [restartedMain] org.hibernate.orm.connections.pooling    : HHH10001005: Database info:
	Database JDBC URL [jdbc:postgresql://localhost:5432/employee]
	Database driver: PostgreSQL JDBC Driver
	Database dialect: PostgreSQLDialect
	Database version: 17.5
	Default catalog/schema: employee/public
	Autocommit mode: undefined/unknown
	Isolation level: READ_COMMITTED [default READ_COMMITTED]
	JDBC fetch size: none
	Pool: DatasourceConnectionProviderImpl
	Minimum pool size: undefined/unknown
	Maximum pool size: undefined/unknown
2025-11-27T01:53:41.098+05:30  INFO 3776 --- [auth] [restartedMain] o.h.e.t.j.p.i.JtaPlatformInitiator       : HHH000489: No JTA platform available (set 'hibernate.transaction.jta.platform' to enable JTA platform integration)
2025-11-27T01:53:41.267+05:30  INFO 3776 --- [auth] [restartedMain] j.LocalContainerEntityManagerFactoryBean : Initialized JPA EntityManagerFactory for persistence unit 'default'
2025-11-27T01:53:41.409+05:30 DEBUG 3776 --- [auth] [restartedMain] com.prabhakar.auth.security.JwtFilter    : Filter 'jwtFilter' configured for use
2025-11-27T01:53:41.542+05:30  INFO 3776 --- [auth] [restartedMain] r$InitializeUserDetailsManagerConfigurer : Global AuthenticationManager configured with UserDetailsService bean with name myUserDetailsService
2025-11-27T01:53:41.824+05:30  WARN 3776 --- [auth] [restartedMain] JpaBaseConfiguration$JpaWebConfiguration : spring.jpa.open-in-view is enabled by default. Therefore, database queries may be performed during view rendering. Explicitly configure spring.jpa.open-in-view to disable this warning
2025-11-27T01:53:42.378+05:30  INFO 3776 --- [auth] [restartedMain] o.s.boot.tomcat.TomcatWebServer          : Tomcat started on port 8080 (http) with context path '/'
2025-11-27T01:53:42.383+05:30  INFO 3776 --- [auth] [restartedMain] com.prabhakar.auth.AuthApplication       : Started AuthApplication in 2.355 seconds (process running for 3160.578)
2025-11-27T01:53:42.384+05:30  INFO 3776 --- [auth] [restartedMain] .ConditionEvaluationDeltaLoggingListener : Condition evaluation unchanged
2025-11-27T01:54:57.419+05:30  INFO 3776 --- [auth] [File Watcher] rtingClassPathChangeChangedEventListener : Restarting due to 1 class path change (0 additions, 0 deletions, 1 modification)
2025-11-27T01:54:57.423+05:30  INFO 3776 --- [auth] [Thread-83] o.s.boot.tomcat.GracefulShutdown         : Commencing graceful shutdown. Waiting for active requests to complete
2025-11-27T01:54:57.437+05:30  INFO 3776 --- [auth] [tomcat-shutdown] o.s.boot.tomcat.GracefulShutdown         : Graceful shutdown complete
2025-11-27T01:54:57.439+05:30  INFO 3776 --- [auth] [Thread-83] j.LocalContainerEntityManagerFactoryBean : Closing JPA EntityManagerFactory for persistence unit 'default'
2025-11-27T01:54:57.439+05:30  INFO 3776 --- [auth] [Thread-83] com.zaxxer.hikari.HikariDataSource       : HikariPool-21 - Shutdown initiated...
2025-11-27T01:54:57.443+05:30  INFO 3776 --- [auth] [Thread-83] com.zaxxer.hikari.HikariDataSource       : HikariPool-21 - Shutdown completed.
2025-11-27T01:54:57.517+05:30  INFO 3776 --- [auth] [restartedMain] com.prabhakar.auth.AuthApplication       : Starting AuthApplication using Java 21.0.7 with PID 3776 (D:\SpringBoot\auth\target\classes started by dell in D:\SpringBoot\auth)
2025-11-27T01:54:57.517+05:30 DEBUG 3776 --- [auth] [restartedMain] com.prabhakar.auth.AuthApplication       : Running with Spring Boot v4.0.0, Spring v7.0.1
2025-11-27T01:54:57.517+05:30  INFO 3776 --- [auth] [restartedMain] com.prabhakar.auth.AuthApplication       : No active profile set, falling back to 1 default profile: "default"
2025-11-27T01:54:57.801+05:30  INFO 3776 --- [auth] [restartedMain] .s.d.r.c.RepositoryConfigurationDelegate : Bootstrapping Spring Data JPA repositories in DEFAULT mode.
2025-11-27T01:54:57.816+05:30  INFO 3776 --- [auth] [restartedMain] .s.d.r.c.RepositoryConfigurationDelegate : Finished Spring Data repository scanning in 13 ms. Found 2 JPA repository interfaces.
2025-11-27T01:54:57.952+05:30  INFO 3776 --- [auth] [restartedMain] o.s.boot.tomcat.TomcatWebServer          : Tomcat initialized with port 8080 (http)
2025-11-27T01:54:57.953+05:30  INFO 3776 --- [auth] [restartedMain] o.apache.catalina.core.StandardService   : Starting service [Tomcat]
2025-11-27T01:54:57.953+05:30  INFO 3776 --- [auth] [restartedMain] o.apache.catalina.core.StandardEngine    : Starting Servlet engine: [Apache Tomcat/11.0.14]
2025-11-27T01:54:57.998+05:30  INFO 3776 --- [auth] [restartedMain] b.w.c.s.WebApplicationContextInitializer : Root WebApplicationContext: initialization completed in 479 ms
2025-11-27T01:54:58.055+05:30  INFO 3776 --- [auth] [restartedMain] o.hibernate.jpa.internal.util.LogHelper  : HHH000204: Processing PersistenceUnitInfo [name: default]
2025-11-27T01:54:58.125+05:30  INFO 3776 --- [auth] [restartedMain] o.s.o.j.p.SpringPersistenceUnitInfo      : No LoadTimeWeaver setup: ignoring JPA class transformer
2025-11-27T01:54:58.127+05:30  INFO 3776 --- [auth] [restartedMain] com.zaxxer.hikari.HikariDataSource       : HikariPool-22 - Starting...
2025-11-27T01:54:58.174+05:30  INFO 3776 --- [auth] [restartedMain] com.zaxxer.hikari.pool.HikariPool        : HikariPool-22 - Added connection org.postgresql.jdbc.PgConnection@36d5ed9e
2025-11-27T01:54:58.174+05:30  INFO 3776 --- [auth] [restartedMain] com.zaxxer.hikari.HikariDataSource       : HikariPool-22 - Start completed.
2025-11-27T01:54:58.177+05:30  WARN 3776 --- [auth] [restartedMain] org.hibernate.orm.deprecation            : HHH90000025: PostgreSQLDialect does not need to be specified explicitly using 'hibernate.dialect' (remove the property setting and it will be selected by default)
2025-11-27T01:54:58.180+05:30  INFO 3776 --- [auth] [restartedMain] org.hibernate.orm.connections.pooling    : HHH10001005: Database info:
	Database JDBC URL [jdbc:postgresql://localhost:5432/employee]
	Database driver: PostgreSQL JDBC Driver
	Database dialect: PostgreSQLDialect
	Database version: 17.5
	Default catalog/schema: employee/public
	Autocommit mode: undefined/unknown
	Isolation level: READ_COMMITTED [default READ_COMMITTED]
	JDBC fetch size: none
	Pool: DatasourceConnectionProviderImpl
	Minimum pool size: undefined/unknown
	Maximum pool size: undefined/unknown
2025-11-27T01:54:58.226+05:30  INFO 3776 --- [auth] [restartedMain] o.h.e.t.j.p.i.JtaPlatformInitiator       : HHH000489: No JTA platform available (set 'hibernate.transaction.jta.platform' to enable JTA platform integration)
2025-11-27T01:54:58.254+05:30  INFO 3776 --- [auth] [restartedMain] j.LocalContainerEntityManagerFactoryBean : Initialized JPA EntityManagerFactory for persistence unit 'default'
2025-11-27T01:54:58.304+05:30 DEBUG 3776 --- [auth] [restartedMain] com.prabhakar.auth.security.JwtFilter    : Filter 'jwtFilter' configured for use
2025-11-27T01:54:58.327+05:30  INFO 3776 --- [auth] [restartedMain] r$InitializeUserDetailsManagerConfigurer : Global AuthenticationManager configured with UserDetailsService bean with name myUserDetailsService
2025-11-27T01:54:58.435+05:30  WARN 3776 --- [auth] [restartedMain] JpaBaseConfiguration$JpaWebConfiguration : spring.jpa.open-in-view is enabled by default. Therefore, database queries may be performed during view rendering. Explicitly configure spring.jpa.open-in-view to disable this warning
2025-11-27T01:54:58.681+05:30  INFO 3776 --- [auth] [restartedMain] o.s.boot.tomcat.TomcatWebServer          : Tomcat started on port 8080 (http) with context path '/'
2025-11-27T01:54:58.684+05:30  INFO 3776 --- [auth] [restartedMain] com.prabhakar.auth.AuthApplication       : Started AuthApplication in 1.189 seconds (process running for 3236.879)
2025-11-27T01:54:58.685+05:30  INFO 3776 --- [auth] [restartedMain] .ConditionEvaluationDeltaLoggingListener : Condition evaluation unchanged
2025-11-27T01:55:12.333+05:30  INFO 3776 --- [auth] [File Watcher] rtingClassPathChangeChangedEventListener : Restarting due to 1 class path change (0 additions, 0 deletions, 1 modification)
2025-11-27T01:55:12.335+05:30  INFO 3776 --- [auth] [Thread-87] o.s.boot.tomcat.GracefulShutdown         : Commencing graceful shutdown. Waiting for active requests to complete
2025-11-27T01:55:12.345+05:30  INFO 3776 --- [auth] [tomcat-shutdown] o.s.boot.tomcat.GracefulShutdown         : Graceful shutdown complete
2025-11-27T01:55:12.346+05:30  INFO 3776 --- [auth] [Thread-87] j.LocalContainerEntityManagerFactoryBean : Closing JPA EntityManagerFactory for persistence unit 'default'
2025-11-27T01:55:12.347+05:30  INFO 3776 --- [auth] [Thread-87] com.zaxxer.hikari.HikariDataSource       : HikariPool-22 - Shutdown initiated...
2025-11-27T01:55:12.354+05:30  INFO 3776 --- [auth] [Thread-87] com.zaxxer.hikari.HikariDataSource       : HikariPool-22 - Shutdown completed.
2025-11-27T01:55:12.413+05:30  INFO 3776 --- [auth] [restartedMain] com.prabhakar.auth.AuthApplication       : Starting AuthApplication using Java 21.0.7 with PID 3776 (D:\SpringBoot\auth\target\classes started by dell in D:\SpringBoot\auth)
2025-11-27T01:55:12.413+05:30 DEBUG 3776 --- [auth] [restartedMain] com.prabhakar.auth.AuthApplication       : Running with Spring Boot v4.0.0, Spring v7.0.1
2025-11-27T01:55:12.413+05:30  INFO 3776 --- [auth] [restartedMain] com.prabhakar.auth.AuthApplication       : No active profile set, falling back to 1 default profile: "default"
2025-11-27T01:55:12.513+05:30  INFO 3776 --- [auth] [restartedMain] .s.d.r.c.RepositoryConfigurationDelegate : Bootstrapping Spring Data JPA repositories in DEFAULT mode.
2025-11-27T01:55:12.518+05:30  INFO 3776 --- [auth] [restartedMain] .s.d.r.c.RepositoryConfigurationDelegate : Finished Spring Data repository scanning in 4 ms. Found 2 JPA repository interfaces.
2025-11-27T01:55:12.565+05:30  INFO 3776 --- [auth] [restartedMain] o.s.boot.tomcat.TomcatWebServer          : Tomcat initialized with port 8080 (http)
2025-11-27T01:55:12.565+05:30  INFO 3776 --- [auth] [restartedMain] o.apache.catalina.core.StandardService   : Starting service [Tomcat]
2025-11-27T01:55:12.565+05:30  INFO 3776 --- [auth] [restartedMain] o.apache.catalina.core.StandardEngine    : Starting Servlet engine: [Apache Tomcat/11.0.14]
2025-11-27T01:55:12.580+05:30  INFO 3776 --- [auth] [restartedMain] b.w.c.s.WebApplicationContextInitializer : Root WebApplicationContext: initialization completed in 166 ms
2025-11-27T01:55:12.597+05:30  INFO 3776 --- [auth] [restartedMain] o.hibernate.jpa.internal.util.LogHelper  : HHH000204: Processing PersistenceUnitInfo [name: default]
2025-11-27T01:55:12.614+05:30  INFO 3776 --- [auth] [restartedMain] o.s.o.j.p.SpringPersistenceUnitInfo      : No LoadTimeWeaver setup: ignoring JPA class transformer
2025-11-27T01:55:12.614+05:30  INFO 3776 --- [auth] [restartedMain] com.zaxxer.hikari.HikariDataSource       : HikariPool-23 - Starting...
2025-11-27T01:55:12.644+05:30  INFO 3776 --- [auth] [restartedMain] com.zaxxer.hikari.pool.HikariPool        : HikariPool-23 - Added connection org.postgresql.jdbc.PgConnection@18cf4350
2025-11-27T01:55:12.644+05:30  INFO 3776 --- [auth] [restartedMain] com.zaxxer.hikari.HikariDataSource       : HikariPool-23 - Start completed.
2025-11-27T01:55:12.647+05:30  WARN 3776 --- [auth] [restartedMain] org.hibernate.orm.deprecation            : HHH90000025: PostgreSQLDialect does not need to be specified explicitly using 'hibernate.dialect' (remove the property setting and it will be selected by default)
2025-11-27T01:55:12.652+05:30  INFO 3776 --- [auth] [restartedMain] org.hibernate.orm.connections.pooling    : HHH10001005: Database info:
	Database JDBC URL [jdbc:postgresql://localhost:5432/employee]
	Database driver: PostgreSQL JDBC Driver
	Database dialect: PostgreSQLDialect
	Database version: 17.5
	Default catalog/schema: employee/public
	Autocommit mode: undefined/unknown
	Isolation level: READ_COMMITTED [default READ_COMMITTED]
	JDBC fetch size: none
	Pool: DatasourceConnectionProviderImpl
	Minimum pool size: undefined/unknown
	Maximum pool size: undefined/unknown
2025-11-27T01:55:12.676+05:30  INFO 3776 --- [auth] [restartedMain] o.h.e.t.j.p.i.JtaPlatformInitiator       : HHH000489: No JTA platform available (set 'hibernate.transaction.jta.platform' to enable JTA platform integration)
2025-11-27T01:55:12.698+05:30  INFO 3776 --- [auth] [restartedMain] j.LocalContainerEntityManagerFactoryBean : Initialized JPA EntityManagerFactory for persistence unit 'default'
2025-11-27T01:55:12.723+05:30 DEBUG 3776 --- [auth] [restartedMain] com.prabhakar.auth.security.JwtFilter    : Filter 'jwtFilter' configured for use
2025-11-27T01:55:12.733+05:30  INFO 3776 --- [auth] [restartedMain] r$InitializeUserDetailsManagerConfigurer : Global AuthenticationManager configured with UserDetailsService bean with name myUserDetailsService
2025-11-27T01:55:12.777+05:30  WARN 3776 --- [auth] [restartedMain] JpaBaseConfiguration$JpaWebConfiguration : spring.jpa.open-in-view is enabled by default. Therefore, database queries may be performed during view rendering. Explicitly configure spring.jpa.open-in-view to disable this warning
2025-11-27T01:55:12.888+05:30  INFO 3776 --- [auth] [restartedMain] o.s.boot.tomcat.TomcatWebServer          : Tomcat started on port 8080 (http) with context path '/'
2025-11-27T01:55:12.891+05:30  INFO 3776 --- [auth] [restartedMain] com.prabhakar.auth.AuthApplication       : Started AuthApplication in 0.492 seconds (process running for 3251.087)
2025-11-27T01:55:12.892+05:30  INFO 3776 --- [auth] [restartedMain] .ConditionEvaluationDeltaLoggingListener : Condition evaluation unchanged
2025-11-27T01:55:16.334+05:30  INFO 3776 --- [auth] [File Watcher] rtingClassPathChangeChangedEventListener : Restarting due to 1 class path change (0 additions, 0 deletions, 1 modification)
2025-11-27T01:55:16.336+05:30  INFO 3776 --- [auth] [Thread-91] o.s.boot.tomcat.GracefulShutdown         : Commencing graceful shutdown. Waiting for active requests to complete
2025-11-27T01:55:16.345+05:30  INFO 3776 --- [auth] [tomcat-shutdown] o.s.boot.tomcat.GracefulShutdown         : Graceful shutdown complete
2025-11-27T01:55:16.348+05:30  INFO 3776 --- [auth] [Thread-91] j.LocalContainerEntityManagerFactoryBean : Closing JPA EntityManagerFactory for persistence unit 'default'
2025-11-27T01:55:16.349+05:30  INFO 3776 --- [auth] [Thread-91] com.zaxxer.hikari.HikariDataSource       : HikariPool-23 - Shutdown initiated...
2025-11-27T01:55:16.356+05:30  INFO 3776 --- [auth] [Thread-91] com.zaxxer.hikari.HikariDataSource       : HikariPool-23 - Shutdown completed.
2025-11-27T01:55:16.415+05:30  INFO 3776 --- [auth] [restartedMain] com.prabhakar.auth.AuthApplication       : Starting AuthApplication using Java 21.0.7 with PID 3776 (D:\SpringBoot\auth\target\classes started by dell in D:\SpringBoot\auth)
2025-11-27T01:55:16.415+05:30 DEBUG 3776 --- [auth] [restartedMain] com.prabhakar.auth.AuthApplication       : Running with Spring Boot v4.0.0, Spring v7.0.1
2025-11-27T01:55:16.415+05:30  INFO 3776 --- [auth] [restartedMain] com.prabhakar.auth.AuthApplication       : No active profile set, falling back to 1 default profile: "default"
2025-11-27T01:55:16.508+05:30  INFO 3776 --- [auth] [restartedMain] .s.d.r.c.RepositoryConfigurationDelegate : Bootstrapping Spring Data JPA repositories in DEFAULT mode.
2025-11-27T01:55:16.513+05:30  INFO 3776 --- [auth] [restartedMain] .s.d.r.c.RepositoryConfigurationDelegate : Finished Spring Data repository scanning in 4 ms. Found 2 JPA repository interfaces.
2025-11-27T01:55:16.557+05:30  INFO 3776 --- [auth] [restartedMain] o.s.boot.tomcat.TomcatWebServer          : Tomcat initialized with port 8080 (http)
2025-11-27T01:55:16.557+05:30  INFO 3776 --- [auth] [restartedMain] o.apache.catalina.core.StandardService   : Starting service [Tomcat]
2025-11-27T01:55:16.558+05:30  INFO 3776 --- [auth] [restartedMain] o.apache.catalina.core.StandardEngine    : Starting Servlet engine: [Apache Tomcat/11.0.14]
2025-11-27T01:55:16.568+05:30  INFO 3776 --- [auth] [restartedMain] b.w.c.s.WebApplicationContextInitializer : Root WebApplicationContext: initialization completed in 150 ms
2025-11-27T01:55:16.583+05:30  INFO 3776 --- [auth] [restartedMain] o.hibernate.jpa.internal.util.LogHelper  : HHH000204: Processing PersistenceUnitInfo [name: default]
2025-11-27T01:55:16.607+05:30  INFO 3776 --- [auth] [restartedMain] o.s.o.j.p.SpringPersistenceUnitInfo      : No LoadTimeWeaver setup: ignoring JPA class transformer
2025-11-27T01:55:16.607+05:30  INFO 3776 --- [auth] [restartedMain] com.zaxxer.hikari.HikariDataSource       : HikariPool-24 - Starting...
2025-11-27T01:55:16.638+05:30  INFO 3776 --- [auth] [restartedMain] com.zaxxer.hikari.pool.HikariPool        : HikariPool-24 - Added connection org.postgresql.jdbc.PgConnection@6e00e971
2025-11-27T01:55:16.638+05:30  INFO 3776 --- [auth] [restartedMain] com.zaxxer.hikari.HikariDataSource       : HikariPool-24 - Start completed.
2025-11-27T01:55:16.640+05:30  WARN 3776 --- [auth] [restartedMain] org.hibernate.orm.deprecation            : HHH90000025: PostgreSQLDialect does not need to be specified explicitly using 'hibernate.dialect' (remove the property setting and it will be selected by default)
2025-11-27T01:55:16.645+05:30  INFO 3776 --- [auth] [restartedMain] org.hibernate.orm.connections.pooling    : HHH10001005: Database info:
	Database JDBC URL [jdbc:postgresql://localhost:5432/employee]
	Database driver: PostgreSQL JDBC Driver
	Database dialect: PostgreSQLDialect
	Database version: 17.5
	Default catalog/schema: employee/public
	Autocommit mode: undefined/unknown
	Isolation level: READ_COMMITTED [default READ_COMMITTED]
	JDBC fetch size: none
	Pool: DatasourceConnectionProviderImpl
	Minimum pool size: undefined/unknown
	Maximum pool size: undefined/unknown
2025-11-27T01:55:16.669+05:30  INFO 3776 --- [auth] [restartedMain] o.h.e.t.j.p.i.JtaPlatformInitiator       : HHH000489: No JTA platform available (set 'hibernate.transaction.jta.platform' to enable JTA platform integration)
2025-11-27T01:55:16.693+05:30  INFO 3776 --- [auth] [restartedMain] j.LocalContainerEntityManagerFactoryBean : Initialized JPA EntityManagerFactory for persistence unit 'default'
2025-11-27T01:55:16.718+05:30 DEBUG 3776 --- [auth] [restartedMain] com.prabhakar.auth.security.JwtFilter    : Filter 'jwtFilter' configured for use
2025-11-27T01:55:16.728+05:30  INFO 3776 --- [auth] [restartedMain] r$InitializeUserDetailsManagerConfigurer : Global AuthenticationManager configured with UserDetailsService bean with name myUserDetailsService
2025-11-27T01:55:16.770+05:30  WARN 3776 --- [auth] [restartedMain] JpaBaseConfiguration$JpaWebConfiguration : spring.jpa.open-in-view is enabled by default. Therefore, database queries may be performed during view rendering. Explicitly configure spring.jpa.open-in-view to disable this warning
2025-11-27T01:55:16.889+05:30  INFO 3776 --- [auth] [restartedMain] o.s.boot.tomcat.TomcatWebServer          : Tomcat started on port 8080 (http) with context path '/'
2025-11-27T01:55:16.890+05:30  INFO 3776 --- [auth] [restartedMain] com.prabhakar.auth.AuthApplication       : Started AuthApplication in 0.488 seconds (process running for 3255.086)
2025-11-27T01:55:16.891+05:30  INFO 3776 --- [auth] [restartedMain] .ConditionEvaluationDeltaLoggingListener : Condition evaluation unchanged
2025-11-27T01:55:39.759+05:30  INFO 3776 --- [auth] [File Watcher] rtingClassPathChangeChangedEventListener : Restarting due to 1 class path change (0 additions, 0 deletions, 1 modification)
2025-11-27T01:55:39.760+05:30  INFO 3776 --- [auth] [Thread-95] o.s.boot.tomcat.GracefulShutdown         : Commencing graceful shutdown. Waiting for active requests to complete
2025-11-27T01:55:39.768+05:30  INFO 3776 --- [auth] [tomcat-shutdown] o.s.boot.tomcat.GracefulShutdown         : Graceful shutdown complete
2025-11-27T01:55:39.769+05:30  INFO 3776 --- [auth] [Thread-95] j.LocalContainerEntityManagerFactoryBean : Closing JPA EntityManagerFactory for persistence unit 'default'
2025-11-27T01:55:39.770+05:30  INFO 3776 --- [auth] [Thread-95] com.zaxxer.hikari.HikariDataSource       : HikariPool-24 - Shutdown initiated...
2025-11-27T01:55:39.772+05:30  INFO 3776 --- [auth] [Thread-95] com.zaxxer.hikari.HikariDataSource       : HikariPool-24 - Shutdown completed.
2025-11-27T01:55:39.841+05:30  INFO 3776 --- [auth] [restartedMain] com.prabhakar.auth.AuthApplication       : Starting AuthApplication using Java 21.0.7 with PID 3776 (D:\SpringBoot\auth\target\classes started by dell in D:\SpringBoot\auth)
2025-11-27T01:55:39.841+05:30 DEBUG 3776 --- [auth] [restartedMain] com.prabhakar.auth.AuthApplication       : Running with Spring Boot v4.0.0, Spring v7.0.1
2025-11-27T01:55:39.841+05:30  INFO 3776 --- [auth] [restartedMain] com.prabhakar.auth.AuthApplication       : No active profile set, falling back to 1 default profile: "default"
2025-11-27T01:55:39.945+05:30  INFO 3776 --- [auth] [restartedMain] .s.d.r.c.RepositoryConfigurationDelegate : Bootstrapping Spring Data JPA repositories in DEFAULT mode.
2025-11-27T01:55:39.950+05:30  INFO 3776 --- [auth] [restartedMain] .s.d.r.c.RepositoryConfigurationDelegate : Finished Spring Data repository scanning in 4 ms. Found 2 JPA repository interfaces.
2025-11-27T01:55:39.996+05:30  INFO 3776 --- [auth] [restartedMain] o.s.boot.tomcat.TomcatWebServer          : Tomcat initialized with port 8080 (http)
2025-11-27T01:55:39.996+05:30  INFO 3776 --- [auth] [restartedMain] o.apache.catalina.core.StandardService   : Starting service [Tomcat]
2025-11-27T01:55:39.996+05:30  INFO 3776 --- [auth] [restartedMain] o.apache.catalina.core.StandardEngine    : Starting Servlet engine: [Apache Tomcat/11.0.14]
2025-11-27T01:55:40.006+05:30  INFO 3776 --- [auth] [restartedMain] b.w.c.s.WebApplicationContextInitializer : Root WebApplicationContext: initialization completed in 164 ms
2025-11-27T01:55:40.021+05:30  INFO 3776 --- [auth] [restartedMain] o.hibernate.jpa.internal.util.LogHelper  : HHH000204: Processing PersistenceUnitInfo [name: default]
2025-11-27T01:55:40.038+05:30  INFO 3776 --- [auth] [restartedMain] o.s.o.j.p.SpringPersistenceUnitInfo      : No LoadTimeWeaver setup: ignoring JPA class transformer
2025-11-27T01:55:40.039+05:30  INFO 3776 --- [auth] [restartedMain] com.zaxxer.hikari.HikariDataSource       : HikariPool-25 - Starting...
2025-11-27T01:55:40.062+05:30  INFO 3776 --- [auth] [restartedMain] com.zaxxer.hikari.pool.HikariPool        : HikariPool-25 - Added connection org.postgresql.jdbc.PgConnection@3c372e37
2025-11-27T01:55:40.062+05:30  INFO 3776 --- [auth] [restartedMain] com.zaxxer.hikari.HikariDataSource       : HikariPool-25 - Start completed.
2025-11-27T01:55:40.065+05:30  WARN 3776 --- [auth] [restartedMain] org.hibernate.orm.deprecation            : HHH90000025: PostgreSQLDialect does not need to be specified explicitly using 'hibernate.dialect' (remove the property setting and it will be selected by default)
2025-11-27T01:55:40.069+05:30  INFO 3776 --- [auth] [restartedMain] org.hibernate.orm.connections.pooling    : HHH10001005: Database info:
	Database JDBC URL [jdbc:postgresql://localhost:5432/employee]
	Database driver: PostgreSQL JDBC Driver
	Database dialect: PostgreSQLDialect
	Database version: 17.5
	Default catalog/schema: employee/public
	Autocommit mode: undefined/unknown
	Isolation level: READ_COMMITTED [default READ_COMMITTED]
	JDBC fetch size: none
	Pool: DatasourceConnectionProviderImpl
	Minimum pool size: undefined/unknown
	Maximum pool size: undefined/unknown
2025-11-27T01:55:40.094+05:30  INFO 3776 --- [auth] [restartedMain] o.h.e.t.j.p.i.JtaPlatformInitiator       : HHH000489: No JTA platform available (set 'hibernate.transaction.jta.platform' to enable JTA platform integration)
2025-11-27T01:55:40.116+05:30  INFO 3776 --- [auth] [restartedMain] j.LocalContainerEntityManagerFactoryBean : Initialized JPA EntityManagerFactory for persistence unit 'default'
2025-11-27T01:55:40.141+05:30 DEBUG 3776 --- [auth] [restartedMain] com.prabhakar.auth.security.JwtFilter    : Filter 'jwtFilter' configured for use
2025-11-27T01:55:40.151+05:30  INFO 3776 --- [auth] [restartedMain] r$InitializeUserDetailsManagerConfigurer : Global AuthenticationManager configured with UserDetailsService bean with name myUserDetailsService
2025-11-27T01:55:40.195+05:30  WARN 3776 --- [auth] [restartedMain] JpaBaseConfiguration$JpaWebConfiguration : spring.jpa.open-in-view is enabled by default. Therefore, database queries may be performed during view rendering. Explicitly configure spring.jpa.open-in-view to disable this warning
2025-11-27T01:55:40.316+05:30  INFO 3776 --- [auth] [restartedMain] o.s.boot.tomcat.TomcatWebServer          : Tomcat started on port 8080 (http) with context path '/'
2025-11-27T01:55:40.319+05:30  INFO 3776 --- [auth] [restartedMain] com.prabhakar.auth.AuthApplication       : Started AuthApplication in 0.492 seconds (process running for 3278.514)
2025-11-27T01:55:40.319+05:30  INFO 3776 --- [auth] [restartedMain] .ConditionEvaluationDeltaLoggingListener : Condition evaluation unchanged
2025-11-27T01:55:42.769+05:30  INFO 3776 --- [auth] [File Watcher] rtingClassPathChangeChangedEventListener : Restarting due to 1 class path change (0 additions, 0 deletions, 1 modification)
2025-11-27T01:55:42.771+05:30  INFO 3776 --- [auth] [Thread-99] o.s.boot.tomcat.GracefulShutdown         : Commencing graceful shutdown. Waiting for active requests to complete
2025-11-27T01:55:42.775+05:30  INFO 3776 --- [auth] [tomcat-shutdown] o.s.boot.tomcat.GracefulShutdown         : Graceful shutdown complete
2025-11-27T01:55:42.775+05:30  INFO 3776 --- [auth] [Thread-99] j.LocalContainerEntityManagerFactoryBean : Closing JPA EntityManagerFactory for persistence unit 'default'
2025-11-27T01:55:42.784+05:30  INFO 3776 --- [auth] [Thread-99] com.zaxxer.hikari.HikariDataSource       : HikariPool-25 - Shutdown initiated...
2025-11-27T01:55:42.791+05:30  INFO 3776 --- [auth] [Thread-99] com.zaxxer.hikari.HikariDataSource       : HikariPool-25 - Shutdown completed.
2025-11-27T01:55:42.858+05:30  INFO 3776 --- [auth] [restartedMain] com.prabhakar.auth.AuthApplication       : Starting AuthApplication using Java 21.0.7 with PID 3776 (D:\SpringBoot\auth\target\classes started by dell in D:\SpringBoot\auth)
2025-11-27T01:55:42.858+05:30 DEBUG 3776 --- [auth] [restartedMain] com.prabhakar.auth.AuthApplication       : Running with Spring Boot v4.0.0, Spring v7.0.1
2025-11-27T01:55:42.858+05:30  INFO 3776 --- [auth] [restartedMain] com.prabhakar.auth.AuthApplication       : No active profile set, falling back to 1 default profile: "default"
2025-11-27T01:55:43.075+05:30  INFO 3776 --- [auth] [restartedMain] .s.d.r.c.RepositoryConfigurationDelegate : Bootstrapping Spring Data JPA repositories in DEFAULT mode.
2025-11-27T01:55:43.088+05:30  INFO 3776 --- [auth] [restartedMain] .s.d.r.c.RepositoryConfigurationDelegate : Finished Spring Data repository scanning in 6 ms. Found 2 JPA repository interfaces.
2025-11-27T01:55:43.209+05:30  INFO 3776 --- [auth] [restartedMain] o.s.boot.tomcat.TomcatWebServer          : Tomcat initialized with port 8080 (http)
2025-11-27T01:55:43.211+05:30  INFO 3776 --- [auth] [restartedMain] o.apache.catalina.core.StandardService   : Starting service [Tomcat]
2025-11-27T01:55:43.211+05:30  INFO 3776 --- [auth] [restartedMain] o.apache.catalina.core.StandardEngine    : Starting Servlet engine: [Apache Tomcat/11.0.14]
2025-11-27T01:55:43.250+05:30  INFO 3776 --- [auth] [restartedMain] b.w.c.s.WebApplicationContextInitializer : Root WebApplicationContext: initialization completed in 382 ms
2025-11-27T01:55:43.276+05:30  INFO 3776 --- [auth] [restartedMain] o.hibernate.jpa.internal.util.LogHelper  : HHH000204: Processing PersistenceUnitInfo [name: default]
2025-11-27T01:55:43.306+05:30  INFO 3776 --- [auth] [restartedMain] o.s.o.j.p.SpringPersistenceUnitInfo      : No LoadTimeWeaver setup: ignoring JPA class transformer
2025-11-27T01:55:43.307+05:30  INFO 3776 --- [auth] [restartedMain] com.zaxxer.hikari.HikariDataSource       : HikariPool-26 - Starting...
2025-11-27T01:55:43.339+05:30  INFO 3776 --- [auth] [restartedMain] com.zaxxer.hikari.pool.HikariPool        : HikariPool-26 - Added connection org.postgresql.jdbc.PgConnection@42a2a684
2025-11-27T01:55:43.339+05:30  INFO 3776 --- [auth] [restartedMain] com.zaxxer.hikari.HikariDataSource       : HikariPool-26 - Start completed.
2025-11-27T01:55:43.339+05:30  WARN 3776 --- [auth] [restartedMain] org.hibernate.orm.deprecation            : HHH90000025: PostgreSQLDialect does not need to be specified explicitly using 'hibernate.dialect' (remove the property setting and it will be selected by default)
2025-11-27T01:55:43.339+05:30  INFO 3776 --- [auth] [restartedMain] org.hibernate.orm.connections.pooling    : HHH10001005: Database info:
	Database JDBC URL [jdbc:postgresql://localhost:5432/employee]
	Database driver: PostgreSQL JDBC Driver
	Database dialect: PostgreSQLDialect
	Database version: 17.5
	Default catalog/schema: employee/public
	Autocommit mode: undefined/unknown
	Isolation level: READ_COMMITTED [default READ_COMMITTED]
	JDBC fetch size: none
	Pool: DatasourceConnectionProviderImpl
	Minimum pool size: undefined/unknown
	Maximum pool size: undefined/unknown
2025-11-27T01:55:43.405+05:30  INFO 3776 --- [auth] [restartedMain] o.h.e.t.j.p.i.JtaPlatformInitiator       : HHH000489: No JTA platform available (set 'hibernate.transaction.jta.platform' to enable JTA platform integration)
2025-11-27T01:55:43.429+05:30  INFO 3776 --- [auth] [restartedMain] j.LocalContainerEntityManagerFactoryBean : Initialized JPA EntityManagerFactory for persistence unit 'default'
2025-11-27T01:55:43.482+05:30 DEBUG 3776 --- [auth] [restartedMain] com.prabhakar.auth.security.JwtFilter    : Filter 'jwtFilter' configured for use
2025-11-27T01:55:43.518+05:30  INFO 3776 --- [auth] [restartedMain] r$InitializeUserDetailsManagerConfigurer : Global AuthenticationManager configured with UserDetailsService bean with name myUserDetailsService
2025-11-27T01:55:43.592+05:30  WARN 3776 --- [auth] [restartedMain] JpaBaseConfiguration$JpaWebConfiguration : spring.jpa.open-in-view is enabled by default. Therefore, database queries may be performed during view rendering. Explicitly configure spring.jpa.open-in-view to disable this warning
2025-11-27T01:55:43.842+05:30  INFO 3776 --- [auth] [restartedMain] o.s.boot.tomcat.TomcatWebServer          : Tomcat started on port 8080 (http) with context path '/'
2025-11-27T01:55:43.844+05:30  INFO 3776 --- [auth] [restartedMain] com.prabhakar.auth.AuthApplication       : Started AuthApplication in 1.004 seconds (process running for 3282.04)
2025-11-27T01:55:43.845+05:30  INFO 3776 --- [auth] [restartedMain] .ConditionEvaluationDeltaLoggingListener : Condition evaluation unchanged
2025-11-27T01:55:54.386+05:30  INFO 3776 --- [auth] [File Watcher] rtingClassPathChangeChangedEventListener : Restarting due to 1 class path change (0 additions, 0 deletions, 1 modification)
2025-11-27T01:55:54.387+05:30  INFO 3776 --- [auth] [Thread-103] o.s.boot.tomcat.GracefulShutdown         : Commencing graceful shutdown. Waiting for active requests to complete
2025-11-27T01:55:54.394+05:30  INFO 3776 --- [auth] [tomcat-shutdown] o.s.boot.tomcat.GracefulShutdown         : Graceful shutdown complete
2025-11-27T01:55:54.395+05:30  INFO 3776 --- [auth] [Thread-103] j.LocalContainerEntityManagerFactoryBean : Closing JPA EntityManagerFactory for persistence unit 'default'
2025-11-27T01:55:54.396+05:30  INFO 3776 --- [auth] [Thread-103] com.zaxxer.hikari.HikariDataSource       : HikariPool-26 - Shutdown initiated...
2025-11-27T01:55:54.400+05:30  INFO 3776 --- [auth] [Thread-103] com.zaxxer.hikari.HikariDataSource       : HikariPool-26 - Shutdown completed.
2025-11-27T01:55:54.482+05:30  INFO 3776 --- [auth] [restartedMain] com.prabhakar.auth.AuthApplication       : Starting AuthApplication using Java 21.0.7 with PID 3776 (D:\SpringBoot\auth\target\classes started by dell in D:\SpringBoot\auth)
2025-11-27T01:55:54.482+05:30 DEBUG 3776 --- [auth] [restartedMain] com.prabhakar.auth.AuthApplication       : Running with Spring Boot v4.0.0, Spring v7.0.1
2025-11-27T01:55:54.483+05:30  INFO 3776 --- [auth] [restartedMain] com.prabhakar.auth.AuthApplication       : No active profile set, falling back to 1 default profile: "default"
2025-11-27T01:55:54.742+05:30  INFO 3776 --- [auth] [restartedMain] .s.d.r.c.RepositoryConfigurationDelegate : Bootstrapping Spring Data JPA repositories in DEFAULT mode.
2025-11-27T01:55:54.750+05:30  INFO 3776 --- [auth] [restartedMain] .s.d.r.c.RepositoryConfigurationDelegate : Finished Spring Data repository scanning in 5 ms. Found 2 JPA repository interfaces.
2025-11-27T01:55:54.913+05:30  INFO 3776 --- [auth] [restartedMain] o.s.boot.tomcat.TomcatWebServer          : Tomcat initialized with port 8080 (http)
2025-11-27T01:55:54.914+05:30  INFO 3776 --- [auth] [restartedMain] o.apache.catalina.core.StandardService   : Starting service [Tomcat]
2025-11-27T01:55:54.915+05:30  INFO 3776 --- [auth] [restartedMain] o.apache.catalina.core.StandardEngine    : Starting Servlet engine: [Apache Tomcat/11.0.14]
2025-11-27T01:55:54.950+05:30  INFO 3776 --- [auth] [restartedMain] b.w.c.s.WebApplicationContextInitializer : Root WebApplicationContext: initialization completed in 465 ms
2025-11-27T01:55:54.982+05:30  INFO 3776 --- [auth] [restartedMain] o.hibernate.jpa.internal.util.LogHelper  : HHH000204: Processing PersistenceUnitInfo [name: default]
2025-11-27T01:55:55.022+05:30  INFO 3776 --- [auth] [restartedMain] o.s.o.j.p.SpringPersistenceUnitInfo      : No LoadTimeWeaver setup: ignoring JPA class transformer
2025-11-27T01:55:55.022+05:30  INFO 3776 --- [auth] [restartedMain] com.zaxxer.hikari.HikariDataSource       : HikariPool-27 - Starting...
2025-11-27T01:55:55.066+05:30  INFO 3776 --- [auth] [restartedMain] com.zaxxer.hikari.pool.HikariPool        : HikariPool-27 - Added connection org.postgresql.jdbc.PgConnection@1a141114
2025-11-27T01:55:55.067+05:30  INFO 3776 --- [auth] [restartedMain] com.zaxxer.hikari.HikariDataSource       : HikariPool-27 - Start completed.
2025-11-27T01:55:55.070+05:30  WARN 3776 --- [auth] [restartedMain] org.hibernate.orm.deprecation            : HHH90000025: PostgreSQLDialect does not need to be specified explicitly using 'hibernate.dialect' (remove the property setting and it will be selected by default)
2025-11-27T01:55:55.076+05:30  INFO 3776 --- [auth] [restartedMain] org.hibernate.orm.connections.pooling    : HHH10001005: Database info:
	Database JDBC URL [jdbc:postgresql://localhost:5432/employee]
	Database driver: PostgreSQL JDBC Driver
	Database dialect: PostgreSQLDialect
	Database version: 17.5
	Default catalog/schema: employee/public
	Autocommit mode: undefined/unknown
	Isolation level: READ_COMMITTED [default READ_COMMITTED]
	JDBC fetch size: none
	Pool: DatasourceConnectionProviderImpl
	Minimum pool size: undefined/unknown
	Maximum pool size: undefined/unknown
2025-11-27T01:55:55.118+05:30  INFO 3776 --- [auth] [restartedMain] o.h.e.t.j.p.i.JtaPlatformInitiator       : HHH000489: No JTA platform available (set 'hibernate.transaction.jta.platform' to enable JTA platform integration)
2025-11-27T01:55:55.144+05:30  INFO 3776 --- [auth] [restartedMain] j.LocalContainerEntityManagerFactoryBean : Initialized JPA EntityManagerFactory for persistence unit 'default'
2025-11-27T01:55:55.202+05:30 DEBUG 3776 --- [auth] [restartedMain] com.prabhakar.auth.security.JwtFilter    : Filter 'jwtFilter' configured for use
2025-11-27T01:55:55.223+05:30  INFO 3776 --- [auth] [restartedMain] r$InitializeUserDetailsManagerConfigurer : Global AuthenticationManager configured with UserDetailsService bean with name myUserDetailsService
2025-11-27T01:55:55.327+05:30  WARN 3776 --- [auth] [restartedMain] JpaBaseConfiguration$JpaWebConfiguration : spring.jpa.open-in-view is enabled by default. Therefore, database queries may be performed during view rendering. Explicitly configure spring.jpa.open-in-view to disable this warning
2025-11-27T01:55:55.581+05:30  INFO 3776 --- [auth] [restartedMain] o.s.boot.tomcat.TomcatWebServer          : Tomcat started on port 8080 (http) with context path '/'
2025-11-27T01:55:55.585+05:30  INFO 3776 --- [auth] [restartedMain] com.prabhakar.auth.AuthApplication       : Started AuthApplication in 1.123 seconds (process running for 3293.781)
2025-11-27T01:55:55.586+05:30  INFO 3776 --- [auth] [restartedMain] .ConditionEvaluationDeltaLoggingListener : Condition evaluation unchanged
2025-11-27T01:56:29.732+05:30  INFO 3776 --- [auth] [File Watcher] rtingClassPathChangeChangedEventListener : Restarting due to 1 class path change (0 additions, 0 deletions, 1 modification)
2025-11-27T01:56:29.734+05:30  INFO 3776 --- [auth] [Thread-107] o.s.boot.tomcat.GracefulShutdown         : Commencing graceful shutdown. Waiting for active requests to complete
2025-11-27T01:56:29.745+05:30  INFO 3776 --- [auth] [tomcat-shutdown] o.s.boot.tomcat.GracefulShutdown         : Graceful shutdown complete
2025-11-27T01:56:29.748+05:30  INFO 3776 --- [auth] [Thread-107] j.LocalContainerEntityManagerFactoryBean : Closing JPA EntityManagerFactory for persistence unit 'default'
2025-11-27T01:56:29.749+05:30  INFO 3776 --- [auth] [Thread-107] com.zaxxer.hikari.HikariDataSource       : HikariPool-27 - Shutdown initiated...
2025-11-27T01:56:29.755+05:30  INFO 3776 --- [auth] [Thread-107] com.zaxxer.hikari.HikariDataSource       : HikariPool-27 - Shutdown completed.
2025-11-27T01:56:29.825+05:30  INFO 3776 --- [auth] [restartedMain] com.prabhakar.auth.AuthApplication       : Starting AuthApplication using Java 21.0.7 with PID 3776 (D:\SpringBoot\auth\target\classes started by dell in D:\SpringBoot\auth)
2025-11-27T01:56:29.825+05:30 DEBUG 3776 --- [auth] [restartedMain] com.prabhakar.auth.AuthApplication       : Running with Spring Boot v4.0.0, Spring v7.0.1
2025-11-27T01:56:29.826+05:30  INFO 3776 --- [auth] [restartedMain] com.prabhakar.auth.AuthApplication       : No active profile set, falling back to 1 default profile: "default"
2025-11-27T01:56:30.018+05:30  INFO 3776 --- [auth] [restartedMain] .s.d.r.c.RepositoryConfigurationDelegate : Bootstrapping Spring Data JPA repositories in DEFAULT mode.
2025-11-27T01:56:30.034+05:30  INFO 3776 --- [auth] [restartedMain] .s.d.r.c.RepositoryConfigurationDelegate : Finished Spring Data repository scanning in 13 ms. Found 2 JPA repository interfaces.
2025-11-27T01:56:30.146+05:30  INFO 3776 --- [auth] [restartedMain] o.s.boot.tomcat.TomcatWebServer          : Tomcat initialized with port 8080 (http)
2025-11-27T01:56:30.147+05:30  INFO 3776 --- [auth] [restartedMain] o.apache.catalina.core.StandardService   : Starting service [Tomcat]
2025-11-27T01:56:30.147+05:30  INFO 3776 --- [auth] [restartedMain] o.apache.catalina.core.StandardEngine    : Starting Servlet engine: [Apache Tomcat/11.0.14]
2025-11-27T01:56:30.177+05:30  INFO 3776 --- [auth] [restartedMain] b.w.c.s.WebApplicationContextInitializer : Root WebApplicationContext: initialization completed in 350 ms
2025-11-27T01:56:30.214+05:30  INFO 3776 --- [auth] [restartedMain] o.hibernate.jpa.internal.util.LogHelper  : HHH000204: Processing PersistenceUnitInfo [name: default]
2025-11-27T01:56:30.254+05:30  INFO 3776 --- [auth] [restartedMain] o.s.o.j.p.SpringPersistenceUnitInfo      : No LoadTimeWeaver setup: ignoring JPA class transformer
2025-11-27T01:56:30.256+05:30  INFO 3776 --- [auth] [restartedMain] com.zaxxer.hikari.HikariDataSource       : HikariPool-28 - Starting...
2025-11-27T01:56:30.312+05:30  INFO 3776 --- [auth] [restartedMain] com.zaxxer.hikari.pool.HikariPool        : HikariPool-28 - Added connection org.postgresql.jdbc.PgConnection@1ea74c3c
2025-11-27T01:56:30.312+05:30  INFO 3776 --- [auth] [restartedMain] com.zaxxer.hikari.HikariDataSource       : HikariPool-28 - Start completed.
2025-11-27T01:56:30.315+05:30  WARN 3776 --- [auth] [restartedMain] org.hibernate.orm.deprecation            : HHH90000025: PostgreSQLDialect does not need to be specified explicitly using 'hibernate.dialect' (remove the property setting and it will be selected by default)
2025-11-27T01:56:30.322+05:30  INFO 3776 --- [auth] [restartedMain] org.hibernate.orm.connections.pooling    : HHH10001005: Database info:
	Database JDBC URL [jdbc:postgresql://localhost:5432/employee]
	Database driver: PostgreSQL JDBC Driver
	Database dialect: PostgreSQLDialect
	Database version: 17.5
	Default catalog/schema: employee/public
	Autocommit mode: undefined/unknown
	Isolation level: READ_COMMITTED [default READ_COMMITTED]
	JDBC fetch size: none
	Pool: DatasourceConnectionProviderImpl
	Minimum pool size: undefined/unknown
	Maximum pool size: undefined/unknown
2025-11-27T01:56:30.371+05:30  INFO 3776 --- [auth] [restartedMain] o.h.e.t.j.p.i.JtaPlatformInitiator       : HHH000489: No JTA platform available (set 'hibernate.transaction.jta.platform' to enable JTA platform integration)
2025-11-27T01:56:30.394+05:30  INFO 3776 --- [auth] [restartedMain] j.LocalContainerEntityManagerFactoryBean : Initialized JPA EntityManagerFactory for persistence unit 'default'
2025-11-27T01:56:30.460+05:30 DEBUG 3776 --- [auth] [restartedMain] com.prabhakar.auth.security.JwtFilter    : Filter 'jwtFilter' configured for use
2025-11-27T01:56:30.484+05:30  INFO 3776 --- [auth] [restartedMain] r$InitializeUserDetailsManagerConfigurer : Global AuthenticationManager configured with UserDetailsService bean with name myUserDetailsService
2025-11-27T01:56:30.582+05:30  WARN 3776 --- [auth] [restartedMain] JpaBaseConfiguration$JpaWebConfiguration : spring.jpa.open-in-view is enabled by default. Therefore, database queries may be performed during view rendering. Explicitly configure spring.jpa.open-in-view to disable this warning
2025-11-27T01:56:30.766+05:30  INFO 3776 --- [auth] [restartedMain] o.s.boot.tomcat.TomcatWebServer          : Tomcat started on port 8080 (http) with context path '/'
2025-11-27T01:56:30.768+05:30  INFO 3776 --- [auth] [restartedMain] com.prabhakar.auth.AuthApplication       : Started AuthApplication in 0.96 seconds (process running for 3328.965)
2025-11-27T01:56:30.770+05:30  INFO 3776 --- [auth] [restartedMain] .ConditionEvaluationDeltaLoggingListener : Condition evaluation unchanged
2025-11-27T01:56:42.420+05:30  INFO 3776 --- [auth] [File Watcher] rtingClassPathChangeChangedEventListener : Restarting due to 1 class path change (0 additions, 0 deletions, 1 modification)
2025-11-27T01:56:42.421+05:30  INFO 3776 --- [auth] [Thread-111] o.s.boot.tomcat.GracefulShutdown         : Commencing graceful shutdown. Waiting for active requests to complete
2025-11-27T01:56:42.428+05:30  INFO 3776 --- [auth] [tomcat-shutdown] o.s.boot.tomcat.GracefulShutdown         : Graceful shutdown complete
2025-11-27T01:56:42.429+05:30  INFO 3776 --- [auth] [Thread-111] j.LocalContainerEntityManagerFactoryBean : Closing JPA EntityManagerFactory for persistence unit 'default'
2025-11-27T01:56:42.429+05:30  INFO 3776 --- [auth] [Thread-111] com.zaxxer.hikari.HikariDataSource       : HikariPool-28 - Shutdown initiated...
2025-11-27T01:56:42.436+05:30  INFO 3776 --- [auth] [Thread-111] com.zaxxer.hikari.HikariDataSource       : HikariPool-28 - Shutdown completed.
2025-11-27T01:56:42.494+05:30  INFO 3776 --- [auth] [restartedMain] com.prabhakar.auth.AuthApplication       : Starting AuthApplication using Java 21.0.7 with PID 3776 (D:\SpringBoot\auth\target\classes started by dell in D:\SpringBoot\auth)
2025-11-27T01:56:42.494+05:30 DEBUG 3776 --- [auth] [restartedMain] com.prabhakar.auth.AuthApplication       : Running with Spring Boot v4.0.0, Spring v7.0.1
2025-11-27T01:56:42.494+05:30  INFO 3776 --- [auth] [restartedMain] com.prabhakar.auth.AuthApplication       : No active profile set, falling back to 1 default profile: "default"
2025-11-27T01:56:42.591+05:30  INFO 3776 --- [auth] [restartedMain] .s.d.r.c.RepositoryConfigurationDelegate : Bootstrapping Spring Data JPA repositories in DEFAULT mode.
2025-11-27T01:56:42.597+05:30  INFO 3776 --- [auth] [restartedMain] .s.d.r.c.RepositoryConfigurationDelegate : Finished Spring Data repository scanning in 5 ms. Found 2 JPA repository interfaces.
2025-11-27T01:56:42.641+05:30  INFO 3776 --- [auth] [restartedMain] o.s.boot.tomcat.TomcatWebServer          : Tomcat initialized with port 8080 (http)
2025-11-27T01:56:42.643+05:30  INFO 3776 --- [auth] [restartedMain] o.apache.catalina.core.StandardService   : Starting service [Tomcat]
2025-11-27T01:56:42.643+05:30  INFO 3776 --- [auth] [restartedMain] o.apache.catalina.core.StandardEngine    : Starting Servlet engine: [Apache Tomcat/11.0.14]
2025-11-27T01:56:42.654+05:30  INFO 3776 --- [auth] [restartedMain] b.w.c.s.WebApplicationContextInitializer : Root WebApplicationContext: initialization completed in 159 ms
2025-11-27T01:56:42.670+05:30  INFO 3776 --- [auth] [restartedMain] o.hibernate.jpa.internal.util.LogHelper  : HHH000204: Processing PersistenceUnitInfo [name: default]
2025-11-27T01:56:42.688+05:30  INFO 3776 --- [auth] [restartedMain] o.s.o.j.p.SpringPersistenceUnitInfo      : No LoadTimeWeaver setup: ignoring JPA class transformer
2025-11-27T01:56:42.688+05:30  INFO 3776 --- [auth] [restartedMain] com.zaxxer.hikari.HikariDataSource       : HikariPool-29 - Starting...
2025-11-27T01:56:42.712+05:30  INFO 3776 --- [auth] [restartedMain] com.zaxxer.hikari.pool.HikariPool        : HikariPool-29 - Added connection org.postgresql.jdbc.PgConnection@6017f6f4
2025-11-27T01:56:42.712+05:30  INFO 3776 --- [auth] [restartedMain] com.zaxxer.hikari.HikariDataSource       : HikariPool-29 - Start completed.
2025-11-27T01:56:42.714+05:30  WARN 3776 --- [auth] [restartedMain] org.hibernate.orm.deprecation            : HHH90000025: PostgreSQLDialect does not need to be specified explicitly using 'hibernate.dialect' (remove the property setting and it will be selected by default)
2025-11-27T01:56:42.719+05:30  INFO 3776 --- [auth] [restartedMain] org.hibernate.orm.connections.pooling    : HHH10001005: Database info:
	Database JDBC URL [jdbc:postgresql://localhost:5432/employee]
	Database driver: PostgreSQL JDBC Driver
	Database dialect: PostgreSQLDialect
	Database version: 17.5
	Default catalog/schema: employee/public
	Autocommit mode: undefined/unknown
	Isolation level: READ_COMMITTED [default READ_COMMITTED]
	JDBC fetch size: none
	Pool: DatasourceConnectionProviderImpl
	Minimum pool size: undefined/unknown
	Maximum pool size: undefined/unknown
2025-11-27T01:56:42.745+05:30  INFO 3776 --- [auth] [restartedMain] o.h.e.t.j.p.i.JtaPlatformInitiator       : HHH000489: No JTA platform available (set 'hibernate.transaction.jta.platform' to enable JTA platform integration)
2025-11-27T01:56:42.768+05:30  INFO 3776 --- [auth] [restartedMain] j.LocalContainerEntityManagerFactoryBean : Initialized JPA EntityManagerFactory for persistence unit 'default'
2025-11-27T01:56:42.793+05:30 DEBUG 3776 --- [auth] [restartedMain] com.prabhakar.auth.security.JwtFilter    : Filter 'jwtFilter' configured for use
2025-11-27T01:56:42.804+05:30  INFO 3776 --- [auth] [restartedMain] r$InitializeUserDetailsManagerConfigurer : Global AuthenticationManager configured with UserDetailsService bean with name myUserDetailsService
2025-11-27T01:56:42.846+05:30  WARN 3776 --- [auth] [restartedMain] JpaBaseConfiguration$JpaWebConfiguration : spring.jpa.open-in-view is enabled by default. Therefore, database queries may be performed during view rendering. Explicitly configure spring.jpa.open-in-view to disable this warning
2025-11-27T01:56:42.983+05:30  INFO 3776 --- [auth] [restartedMain] o.s.boot.tomcat.TomcatWebServer          : Tomcat started on port 8080 (http) with context path '/'
2025-11-27T01:56:42.984+05:30  INFO 3776 --- [auth] [restartedMain] com.prabhakar.auth.AuthApplication       : Started AuthApplication in 0.502 seconds (process running for 3341.18)
2025-11-27T01:56:42.985+05:30  INFO 3776 --- [auth] [restartedMain] .ConditionEvaluationDeltaLoggingListener : Condition evaluation unchanged
2025-11-27T01:56:54.582+05:30  INFO 3776 --- [auth] [File Watcher] rtingClassPathChangeChangedEventListener : Restarting due to 1 class path change (0 additions, 0 deletions, 1 modification)
2025-11-27T01:56:54.584+05:30  INFO 3776 --- [auth] [Thread-115] o.s.boot.tomcat.GracefulShutdown         : Commencing graceful shutdown. Waiting for active requests to complete
2025-11-27T01:56:54.589+05:30  INFO 3776 --- [auth] [tomcat-shutdown] o.s.boot.tomcat.GracefulShutdown         : Graceful shutdown complete
2025-11-27T01:56:54.591+05:30  INFO 3776 --- [auth] [Thread-115] j.LocalContainerEntityManagerFactoryBean : Closing JPA EntityManagerFactory for persistence unit 'default'
2025-11-27T01:56:54.591+05:30  INFO 3776 --- [auth] [Thread-115] com.zaxxer.hikari.HikariDataSource       : HikariPool-29 - Shutdown initiated...
2025-11-27T01:56:54.597+05:30  INFO 3776 --- [auth] [Thread-115] com.zaxxer.hikari.HikariDataSource       : HikariPool-29 - Shutdown completed.
2025-11-27T01:56:54.659+05:30  INFO 3776 --- [auth] [restartedMain] com.prabhakar.auth.AuthApplication       : Starting AuthApplication using Java 21.0.7 with PID 3776 (D:\SpringBoot\auth\target\classes started by dell in D:\SpringBoot\auth)
2025-11-27T01:56:54.659+05:30 DEBUG 3776 --- [auth] [restartedMain] com.prabhakar.auth.AuthApplication       : Running with Spring Boot v4.0.0, Spring v7.0.1
2025-11-27T01:56:54.659+05:30  INFO 3776 --- [auth] [restartedMain] com.prabhakar.auth.AuthApplication       : No active profile set, falling back to 1 default profile: "default"
2025-11-27T01:56:54.761+05:30  INFO 3776 --- [auth] [restartedMain] .s.d.r.c.RepositoryConfigurationDelegate : Bootstrapping Spring Data JPA repositories in DEFAULT mode.
2025-11-27T01:56:54.767+05:30  INFO 3776 --- [auth] [restartedMain] .s.d.r.c.RepositoryConfigurationDelegate : Finished Spring Data repository scanning in 4 ms. Found 2 JPA repository interfaces.
2025-11-27T01:56:54.812+05:30  INFO 3776 --- [auth] [restartedMain] o.s.boot.tomcat.TomcatWebServer          : Tomcat initialized with port 8080 (http)
2025-11-27T01:56:54.813+05:30  INFO 3776 --- [auth] [restartedMain] o.apache.catalina.core.StandardService   : Starting service [Tomcat]
2025-11-27T01:56:54.813+05:30  INFO 3776 --- [auth] [restartedMain] o.apache.catalina.core.StandardEngine    : Starting Servlet engine: [Apache Tomcat/11.0.14]
2025-11-27T01:56:54.823+05:30  INFO 3776 --- [auth] [restartedMain] b.w.c.s.WebApplicationContextInitializer : Root WebApplicationContext: initialization completed in 163 ms
2025-11-27T01:56:54.838+05:30  INFO 3776 --- [auth] [restartedMain] o.hibernate.jpa.internal.util.LogHelper  : HHH000204: Processing PersistenceUnitInfo [name: default]
2025-11-27T01:56:54.860+05:30  INFO 3776 --- [auth] [restartedMain] o.s.o.j.p.SpringPersistenceUnitInfo      : No LoadTimeWeaver setup: ignoring JPA class transformer
2025-11-27T01:56:54.861+05:30  INFO 3776 --- [auth] [restartedMain] com.zaxxer.hikari.HikariDataSource       : HikariPool-30 - Starting...
2025-11-27T01:56:54.883+05:30  INFO 3776 --- [auth] [restartedMain] com.zaxxer.hikari.pool.HikariPool        : HikariPool-30 - Added connection org.postgresql.jdbc.PgConnection@58d69e78
2025-11-27T01:56:54.884+05:30  INFO 3776 --- [auth] [restartedMain] com.zaxxer.hikari.HikariDataSource       : HikariPool-30 - Start completed.
2025-11-27T01:56:54.886+05:30  WARN 3776 --- [auth] [restartedMain] org.hibernate.orm.deprecation            : HHH90000025: PostgreSQLDialect does not need to be specified explicitly using 'hibernate.dialect' (remove the property setting and it will be selected by default)
2025-11-27T01:56:54.890+05:30  INFO 3776 --- [auth] [restartedMain] org.hibernate.orm.connections.pooling    : HHH10001005: Database info:
	Database JDBC URL [jdbc:postgresql://localhost:5432/employee]
	Database driver: PostgreSQL JDBC Driver
	Database dialect: PostgreSQLDialect
	Database version: 17.5
	Default catalog/schema: employee/public
	Autocommit mode: undefined/unknown
	Isolation level: READ_COMMITTED [default READ_COMMITTED]
	JDBC fetch size: none
	Pool: DatasourceConnectionProviderImpl
	Minimum pool size: undefined/unknown
	Maximum pool size: undefined/unknown
2025-11-27T01:56:54.914+05:30  INFO 3776 --- [auth] [restartedMain] o.h.e.t.j.p.i.JtaPlatformInitiator       : HHH000489: No JTA platform available (set 'hibernate.transaction.jta.platform' to enable JTA platform integration)
2025-11-27T01:56:54.938+05:30  INFO 3776 --- [auth] [restartedMain] j.LocalContainerEntityManagerFactoryBean : Initialized JPA EntityManagerFactory for persistence unit 'default'
2025-11-27T01:56:54.963+05:30 DEBUG 3776 --- [auth] [restartedMain] com.prabhakar.auth.security.JwtFilter    : Filter 'jwtFilter' configured for use
2025-11-27T01:56:54.973+05:30  INFO 3776 --- [auth] [restartedMain] r$InitializeUserDetailsManagerConfigurer : Global AuthenticationManager configured with UserDetailsService bean with name myUserDetailsService
2025-11-27T01:56:55.013+05:30  WARN 3776 --- [auth] [restartedMain] JpaBaseConfiguration$JpaWebConfiguration : spring.jpa.open-in-view is enabled by default. Therefore, database queries may be performed during view rendering. Explicitly configure spring.jpa.open-in-view to disable this warning
2025-11-27T01:56:55.130+05:30  INFO 3776 --- [auth] [restartedMain] o.s.boot.tomcat.TomcatWebServer          : Tomcat started on port 8080 (http) with context path '/'
2025-11-27T01:56:55.132+05:30  INFO 3776 --- [auth] [restartedMain] com.prabhakar.auth.AuthApplication       : Started AuthApplication in 0.487 seconds (process running for 3353.327)
2025-11-27T01:56:55.132+05:30  INFO 3776 --- [auth] [restartedMain] .ConditionEvaluationDeltaLoggingListener : Condition evaluation unchanged
2025-11-27T01:57:04.750+05:30  INFO 3776 --- [auth] [File Watcher] rtingClassPathChangeChangedEventListener : Restarting due to 1 class path change (0 additions, 0 deletions, 1 modification)
2025-11-27T01:57:04.751+05:30  INFO 3776 --- [auth] [Thread-119] o.s.boot.tomcat.GracefulShutdown         : Commencing graceful shutdown. Waiting for active requests to complete
2025-11-27T01:57:04.759+05:30  INFO 3776 --- [auth] [tomcat-shutdown] o.s.boot.tomcat.GracefulShutdown         : Graceful shutdown complete
2025-11-27T01:57:04.760+05:30  INFO 3776 --- [auth] [Thread-119] j.LocalContainerEntityManagerFactoryBean : Closing JPA EntityManagerFactory for persistence unit 'default'
2025-11-27T01:57:04.761+05:30  INFO 3776 --- [auth] [Thread-119] com.zaxxer.hikari.HikariDataSource       : HikariPool-30 - Shutdown initiated...
2025-11-27T01:57:04.765+05:30  INFO 3776 --- [auth] [Thread-119] com.zaxxer.hikari.HikariDataSource       : HikariPool-30 - Shutdown completed.
2025-11-27T01:57:04.830+05:30  INFO 3776 --- [auth] [restartedMain] com.prabhakar.auth.AuthApplication       : Starting AuthApplication using Java 21.0.7 with PID 3776 (D:\SpringBoot\auth\target\classes started by dell in D:\SpringBoot\auth)
2025-11-27T01:57:04.830+05:30 DEBUG 3776 --- [auth] [restartedMain] com.prabhakar.auth.AuthApplication       : Running with Spring Boot v4.0.0, Spring v7.0.1
2025-11-27T01:57:04.830+05:30  INFO 3776 --- [auth] [restartedMain] com.prabhakar.auth.AuthApplication       : No active profile set, falling back to 1 default profile: "default"
2025-11-27T01:57:04.928+05:30  INFO 3776 --- [auth] [restartedMain] .s.d.r.c.RepositoryConfigurationDelegate : Bootstrapping Spring Data JPA repositories in DEFAULT mode.
2025-11-27T01:57:04.934+05:30  INFO 3776 --- [auth] [restartedMain] .s.d.r.c.RepositoryConfigurationDelegate : Finished Spring Data repository scanning in 5 ms. Found 2 JPA repository interfaces.
2025-11-27T01:57:04.978+05:30  INFO 3776 --- [auth] [restartedMain] o.s.boot.tomcat.TomcatWebServer          : Tomcat initialized with port 8080 (http)
2025-11-27T01:57:04.979+05:30  INFO 3776 --- [auth] [restartedMain] o.apache.catalina.core.StandardService   : Starting service [Tomcat]
2025-11-27T01:57:04.979+05:30  INFO 3776 --- [auth] [restartedMain] o.apache.catalina.core.StandardEngine    : Starting Servlet engine: [Apache Tomcat/11.0.14]
2025-11-27T01:57:04.990+05:30  INFO 3776 --- [auth] [restartedMain] b.w.c.s.WebApplicationContextInitializer : Root WebApplicationContext: initialization completed in 159 ms
2025-11-27T01:57:05.007+05:30  INFO 3776 --- [auth] [restartedMain] o.hibernate.jpa.internal.util.LogHelper  : HHH000204: Processing PersistenceUnitInfo [name: default]
2025-11-27T01:57:05.024+05:30  INFO 3776 --- [auth] [restartedMain] o.s.o.j.p.SpringPersistenceUnitInfo      : No LoadTimeWeaver setup: ignoring JPA class transformer
2025-11-27T01:57:05.025+05:30  INFO 3776 --- [auth] [restartedMain] com.zaxxer.hikari.HikariDataSource       : HikariPool-31 - Starting...
2025-11-27T01:57:05.048+05:30  INFO 3776 --- [auth] [restartedMain] com.zaxxer.hikari.pool.HikariPool        : HikariPool-31 - Added connection org.postgresql.jdbc.PgConnection@3409626f
2025-11-27T01:57:05.048+05:30  INFO 3776 --- [auth] [restartedMain] com.zaxxer.hikari.HikariDataSource       : HikariPool-31 - Start completed.
2025-11-27T01:57:05.051+05:30  WARN 3776 --- [auth] [restartedMain] org.hibernate.orm.deprecation            : HHH90000025: PostgreSQLDialect does not need to be specified explicitly using 'hibernate.dialect' (remove the property setting and it will be selected by default)
2025-11-27T01:57:05.055+05:30  INFO 3776 --- [auth] [restartedMain] org.hibernate.orm.connections.pooling    : HHH10001005: Database info:
	Database JDBC URL [jdbc:postgresql://localhost:5432/employee]
	Database driver: PostgreSQL JDBC Driver
	Database dialect: PostgreSQLDialect
	Database version: 17.5
	Default catalog/schema: employee/public
	Autocommit mode: undefined/unknown
	Isolation level: READ_COMMITTED [default READ_COMMITTED]
	JDBC fetch size: none
	Pool: DatasourceConnectionProviderImpl
	Minimum pool size: undefined/unknown
	Maximum pool size: undefined/unknown
2025-11-27T01:57:05.080+05:30  INFO 3776 --- [auth] [restartedMain] o.h.e.t.j.p.i.JtaPlatformInitiator       : HHH000489: No JTA platform available (set 'hibernate.transaction.jta.platform' to enable JTA platform integration)
2025-11-27T01:57:05.104+05:30  INFO 3776 --- [auth] [restartedMain] j.LocalContainerEntityManagerFactoryBean : Initialized JPA EntityManagerFactory for persistence unit 'default'
2025-11-27T01:57:05.131+05:30 DEBUG 3776 --- [auth] [restartedMain] com.prabhakar.auth.security.JwtFilter    : Filter 'jwtFilter' configured for use
2025-11-27T01:57:05.142+05:30  INFO 3776 --- [auth] [restartedMain] r$InitializeUserDetailsManagerConfigurer : Global AuthenticationManager configured with UserDetailsService bean with name myUserDetailsService
2025-11-27T01:57:05.184+05:30  WARN 3776 --- [auth] [restartedMain] JpaBaseConfiguration$JpaWebConfiguration : spring.jpa.open-in-view is enabled by default. Therefore, database queries may be performed during view rendering. Explicitly configure spring.jpa.open-in-view to disable this warning
2025-11-27T01:57:05.343+05:30  INFO 3776 --- [auth] [restartedMain] o.s.boot.tomcat.TomcatWebServer          : Tomcat started on port 8080 (http) with context path '/'
2025-11-27T01:57:05.347+05:30  INFO 3776 --- [auth] [restartedMain] com.prabhakar.auth.AuthApplication       : Started AuthApplication in 0.532 seconds (process running for 3363.542)
2025-11-27T01:57:05.349+05:30  INFO 3776 --- [auth] [restartedMain] .ConditionEvaluationDeltaLoggingListener : Condition evaluation unchanged
2025-11-27T01:57:21.006+05:30  INFO 3776 --- [auth] [File Watcher] rtingClassPathChangeChangedEventListener : Restarting due to 1 class path change (0 additions, 0 deletions, 1 modification)
2025-11-27T01:57:21.006+05:30  INFO 3776 --- [auth] [Thread-123] o.s.boot.tomcat.GracefulShutdown         : Commencing graceful shutdown. Waiting for active requests to complete
2025-11-27T01:57:21.012+05:30  INFO 3776 --- [auth] [tomcat-shutdown] o.s.boot.tomcat.GracefulShutdown         : Graceful shutdown complete
2025-11-27T01:57:21.013+05:30  INFO 3776 --- [auth] [Thread-123] j.LocalContainerEntityManagerFactoryBean : Closing JPA EntityManagerFactory for persistence unit 'default'
2025-11-27T01:57:21.014+05:30  INFO 3776 --- [auth] [Thread-123] com.zaxxer.hikari.HikariDataSource       : HikariPool-31 - Shutdown initiated...
2025-11-27T01:57:21.018+05:30  INFO 3776 --- [auth] [Thread-123] com.zaxxer.hikari.HikariDataSource       : HikariPool-31 - Shutdown completed.
2025-11-27T01:57:21.080+05:30  INFO 3776 --- [auth] [restartedMain] com.prabhakar.auth.AuthApplication       : Starting AuthApplication using Java 21.0.7 with PID 3776 (D:\SpringBoot\auth\target\classes started by dell in D:\SpringBoot\auth)
2025-11-27T01:57:21.080+05:30 DEBUG 3776 --- [auth] [restartedMain] com.prabhakar.auth.AuthApplication       : Running with Spring Boot v4.0.0, Spring v7.0.1
2025-11-27T01:57:21.080+05:30  INFO 3776 --- [auth] [restartedMain] com.prabhakar.auth.AuthApplication       : No active profile set, falling back to 1 default profile: "default"
2025-11-27T01:57:21.177+05:30  INFO 3776 --- [auth] [restartedMain] .s.d.r.c.RepositoryConfigurationDelegate : Bootstrapping Spring Data JPA repositories in DEFAULT mode.
2025-11-27T01:57:21.183+05:30  INFO 3776 --- [auth] [restartedMain] .s.d.r.c.RepositoryConfigurationDelegate : Finished Spring Data repository scanning in 4 ms. Found 2 JPA repository interfaces.
2025-11-27T01:57:21.228+05:30  INFO 3776 --- [auth] [restartedMain] o.s.boot.tomcat.TomcatWebServer          : Tomcat initialized with port 8080 (http)
2025-11-27T01:57:21.229+05:30  INFO 3776 --- [auth] [restartedMain] o.apache.catalina.core.StandardService   : Starting service [Tomcat]
2025-11-27T01:57:21.229+05:30  INFO 3776 --- [auth] [restartedMain] o.apache.catalina.core.StandardEngine    : Starting Servlet engine: [Apache Tomcat/11.0.14]
2025-11-27T01:57:21.239+05:30  INFO 3776 --- [auth] [restartedMain] b.w.c.s.WebApplicationContextInitializer : Root WebApplicationContext: initialization completed in 158 ms
2025-11-27T01:57:21.254+05:30  INFO 3776 --- [auth] [restartedMain] o.hibernate.jpa.internal.util.LogHelper  : HHH000204: Processing PersistenceUnitInfo [name: default]
2025-11-27T01:57:21.271+05:30  INFO 3776 --- [auth] [restartedMain] o.s.o.j.p.SpringPersistenceUnitInfo      : No LoadTimeWeaver setup: ignoring JPA class transformer
2025-11-27T01:57:21.272+05:30  INFO 3776 --- [auth] [restartedMain] com.zaxxer.hikari.HikariDataSource       : HikariPool-32 - Starting...
2025-11-27T01:57:21.296+05:30  INFO 3776 --- [auth] [restartedMain] com.zaxxer.hikari.pool.HikariPool        : HikariPool-32 - Added connection org.postgresql.jdbc.PgConnection@6e7b22f5
2025-11-27T01:57:21.296+05:30  INFO 3776 --- [auth] [restartedMain] com.zaxxer.hikari.HikariDataSource       : HikariPool-32 - Start completed.
2025-11-27T01:57:21.299+05:30  WARN 3776 --- [auth] [restartedMain] org.hibernate.orm.deprecation            : HHH90000025: PostgreSQLDialect does not need to be specified explicitly using 'hibernate.dialect' (remove the property setting and it will be selected by default)
2025-11-27T01:57:21.304+05:30  INFO 3776 --- [auth] [restartedMain] org.hibernate.orm.connections.pooling    : HHH10001005: Database info:
	Database JDBC URL [jdbc:postgresql://localhost:5432/employee]
	Database driver: PostgreSQL JDBC Driver
	Database dialect: PostgreSQLDialect
	Database version: 17.5
	Default catalog/schema: employee/public
	Autocommit mode: undefined/unknown
	Isolation level: READ_COMMITTED [default READ_COMMITTED]
	JDBC fetch size: none
	Pool: DatasourceConnectionProviderImpl
	Minimum pool size: undefined/unknown
	Maximum pool size: undefined/unknown
2025-11-27T01:57:21.334+05:30  INFO 3776 --- [auth] [restartedMain] o.h.e.t.j.p.i.JtaPlatformInitiator       : HHH000489: No JTA platform available (set 'hibernate.transaction.jta.platform' to enable JTA platform integration)
2025-11-27T01:57:21.353+05:30  INFO 3776 --- [auth] [restartedMain] j.LocalContainerEntityManagerFactoryBean : Initialized JPA EntityManagerFactory for persistence unit 'default'
2025-11-27T01:57:21.381+05:30 DEBUG 3776 --- [auth] [restartedMain] com.prabhakar.auth.security.JwtFilter    : Filter 'jwtFilter' configured for use
2025-11-27T01:57:21.392+05:30  INFO 3776 --- [auth] [restartedMain] r$InitializeUserDetailsManagerConfigurer : Global AuthenticationManager configured with UserDetailsService bean with name myUserDetailsService
2025-11-27T01:57:21.448+05:30  WARN 3776 --- [auth] [restartedMain] JpaBaseConfiguration$JpaWebConfiguration : spring.jpa.open-in-view is enabled by default. Therefore, database queries may be performed during view rendering. Explicitly configure spring.jpa.open-in-view to disable this warning
2025-11-27T01:57:21.573+05:30  INFO 3776 --- [auth] [restartedMain] o.s.boot.tomcat.TomcatWebServer          : Tomcat started on port 8080 (http) with context path '/'
2025-11-27T01:57:21.575+05:30  INFO 3776 --- [auth] [restartedMain] com.prabhakar.auth.AuthApplication       : Started AuthApplication in 0.51 seconds (process running for 3379.77)
2025-11-27T01:57:21.575+05:30  INFO 3776 --- [auth] [restartedMain] .ConditionEvaluationDeltaLoggingListener : Condition evaluation unchanged
2025-11-27T01:57:41.378+05:30  INFO 3776 --- [auth] [File Watcher] rtingClassPathChangeChangedEventListener : Restarting due to 1 class path change (0 additions, 0 deletions, 1 modification)
2025-11-27T01:57:41.379+05:30  INFO 3776 --- [auth] [Thread-127] o.s.boot.tomcat.GracefulShutdown         : Commencing graceful shutdown. Waiting for active requests to complete
2025-11-27T01:57:41.388+05:30  INFO 3776 --- [auth] [tomcat-shutdown] o.s.boot.tomcat.GracefulShutdown         : Graceful shutdown complete
2025-11-27T01:57:41.389+05:30  INFO 3776 --- [auth] [Thread-127] j.LocalContainerEntityManagerFactoryBean : Closing JPA EntityManagerFactory for persistence unit 'default'
2025-11-27T01:57:41.390+05:30  INFO 3776 --- [auth] [Thread-127] com.zaxxer.hikari.HikariDataSource       : HikariPool-32 - Shutdown initiated...
2025-11-27T01:57:41.392+05:30  INFO 3776 --- [auth] [Thread-127] com.zaxxer.hikari.HikariDataSource       : HikariPool-32 - Shutdown completed.
2025-11-27T01:57:41.465+05:30  INFO 3776 --- [auth] [restartedMain] com.prabhakar.auth.AuthApplication       : Starting AuthApplication using Java 21.0.7 with PID 3776 (D:\SpringBoot\auth\target\classes started by dell in D:\SpringBoot\auth)
2025-11-27T01:57:41.465+05:30 DEBUG 3776 --- [auth] [restartedMain] com.prabhakar.auth.AuthApplication       : Running with Spring Boot v4.0.0, Spring v7.0.1
2025-11-27T01:57:41.465+05:30  INFO 3776 --- [auth] [restartedMain] com.prabhakar.auth.AuthApplication       : No active profile set, falling back to 1 default profile: "default"
2025-11-27T01:57:41.678+05:30  INFO 3776 --- [auth] [restartedMain] .s.d.r.c.RepositoryConfigurationDelegate : Bootstrapping Spring Data JPA repositories in DEFAULT mode.
2025-11-27T01:57:41.694+05:30  INFO 3776 --- [auth] [restartedMain] .s.d.r.c.RepositoryConfigurationDelegate : Finished Spring Data repository scanning in 12 ms. Found 2 JPA repository interfaces.
2025-11-27T01:57:41.797+05:30  INFO 3776 --- [auth] [restartedMain] o.s.boot.tomcat.TomcatWebServer          : Tomcat initialized with port 8080 (http)
2025-11-27T01:57:41.798+05:30  INFO 3776 --- [auth] [restartedMain] o.apache.catalina.core.StandardService   : Starting service [Tomcat]
2025-11-27T01:57:41.798+05:30  INFO 3776 --- [auth] [restartedMain] o.apache.catalina.core.StandardEngine    : Starting Servlet engine: [Apache Tomcat/11.0.14]
2025-11-27T01:57:41.822+05:30  INFO 3776 --- [auth] [restartedMain] b.w.c.s.WebApplicationContextInitializer : Root WebApplicationContext: initialization completed in 342 ms
2025-11-27T01:57:41.850+05:30  INFO 3776 --- [auth] [restartedMain] o.hibernate.jpa.internal.util.LogHelper  : HHH000204: Processing PersistenceUnitInfo [name: default]
2025-11-27T01:57:41.883+05:30  INFO 3776 --- [auth] [restartedMain] o.s.o.j.p.SpringPersistenceUnitInfo      : No LoadTimeWeaver setup: ignoring JPA class transformer
2025-11-27T01:57:41.884+05:30  INFO 3776 --- [auth] [restartedMain] com.zaxxer.hikari.HikariDataSource       : HikariPool-33 - Starting...
2025-11-27T01:57:41.920+05:30  INFO 3776 --- [auth] [restartedMain] com.zaxxer.hikari.pool.HikariPool        : HikariPool-33 - Added connection org.postgresql.jdbc.PgConnection@24df29cb
2025-11-27T01:57:41.920+05:30  INFO 3776 --- [auth] [restartedMain] com.zaxxer.hikari.HikariDataSource       : HikariPool-33 - Start completed.
2025-11-27T01:57:41.920+05:30  WARN 3776 --- [auth] [restartedMain] org.hibernate.orm.deprecation            : HHH90000025: PostgreSQLDialect does not need to be specified explicitly using 'hibernate.dialect' (remove the property setting and it will be selected by default)
2025-11-27T01:57:41.920+05:30  INFO 3776 --- [auth] [restartedMain] org.hibernate.orm.connections.pooling    : HHH10001005: Database info:
	Database JDBC URL [jdbc:postgresql://localhost:5432/employee]
	Database driver: PostgreSQL JDBC Driver
	Database dialect: PostgreSQLDialect
	Database version: 17.5
	Default catalog/schema: employee/public
	Autocommit mode: undefined/unknown
	Isolation level: READ_COMMITTED [default READ_COMMITTED]
	JDBC fetch size: none
	Pool: DatasourceConnectionProviderImpl
	Minimum pool size: undefined/unknown
	Maximum pool size: undefined/unknown
2025-11-27T01:57:41.984+05:30  INFO 3776 --- [auth] [restartedMain] o.h.e.t.j.p.i.JtaPlatformInitiator       : HHH000489: No JTA platform available (set 'hibernate.transaction.jta.platform' to enable JTA platform integration)
2025-11-27T01:57:42.010+05:30  INFO 3776 --- [auth] [restartedMain] j.LocalContainerEntityManagerFactoryBean : Initialized JPA EntityManagerFactory for persistence unit 'default'
2025-11-27T01:57:42.061+05:30 DEBUG 3776 --- [auth] [restartedMain] com.prabhakar.auth.security.JwtFilter    : Filter 'jwtFilter' configured for use
2025-11-27T01:57:42.072+05:30  INFO 3776 --- [auth] [restartedMain] r$InitializeUserDetailsManagerConfigurer : Global AuthenticationManager configured with UserDetailsService bean with name myUserDetailsService
2025-11-27T01:57:42.176+05:30  WARN 3776 --- [auth] [restartedMain] JpaBaseConfiguration$JpaWebConfiguration : spring.jpa.open-in-view is enabled by default. Therefore, database queries may be performed during view rendering. Explicitly configure spring.jpa.open-in-view to disable this warning
2025-11-27T01:57:42.500+05:30  INFO 3776 --- [auth] [restartedMain] o.s.boot.tomcat.TomcatWebServer          : Tomcat started on port 8080 (http) with context path '/'
2025-11-27T01:57:42.505+05:30  INFO 3776 --- [auth] [restartedMain] com.prabhakar.auth.AuthApplication       : Started AuthApplication in 1.056 seconds (process running for 3400.701)
2025-11-27T01:57:42.507+05:30  INFO 3776 --- [auth] [restartedMain] .ConditionEvaluationDeltaLoggingListener : Condition evaluation unchanged
2025-11-27T01:57:53.082+05:30  INFO 3776 --- [auth] [File Watcher] rtingClassPathChangeChangedEventListener : Restarting due to 1 class path change (0 additions, 0 deletions, 1 modification)
2025-11-27T01:57:53.083+05:30  INFO 3776 --- [auth] [Thread-131] o.s.boot.tomcat.GracefulShutdown         : Commencing graceful shutdown. Waiting for active requests to complete
2025-11-27T01:57:53.096+05:30  INFO 3776 --- [auth] [tomcat-shutdown] o.s.boot.tomcat.GracefulShutdown         : Graceful shutdown complete
2025-11-27T01:57:53.097+05:30  INFO 3776 --- [auth] [Thread-131] j.LocalContainerEntityManagerFactoryBean : Closing JPA EntityManagerFactory for persistence unit 'default'
2025-11-27T01:57:53.098+05:30  INFO 3776 --- [auth] [Thread-131] com.zaxxer.hikari.HikariDataSource       : HikariPool-33 - Shutdown initiated...
2025-11-27T01:57:53.104+05:30  INFO 3776 --- [auth] [Thread-131] com.zaxxer.hikari.HikariDataSource       : HikariPool-33 - Shutdown completed.
2025-11-27T01:57:53.184+05:30  INFO 3776 --- [auth] [restartedMain] com.prabhakar.auth.AuthApplication       : Starting AuthApplication using Java 21.0.7 with PID 3776 (D:\SpringBoot\auth\target\classes started by dell in D:\SpringBoot\auth)
2025-11-27T01:57:53.184+05:30 DEBUG 3776 --- [auth] [restartedMain] com.prabhakar.auth.AuthApplication       : Running with Spring Boot v4.0.0, Spring v7.0.1
2025-11-27T01:57:53.184+05:30  INFO 3776 --- [auth] [restartedMain] com.prabhakar.auth.AuthApplication       : No active profile set, falling back to 1 default profile: "default"
2025-11-27T01:57:53.399+05:30  INFO 3776 --- [auth] [restartedMain] .s.d.r.c.RepositoryConfigurationDelegate : Bootstrapping Spring Data JPA repositories in DEFAULT mode.
2025-11-27T01:57:53.414+05:30  INFO 3776 --- [auth] [restartedMain] .s.d.r.c.RepositoryConfigurationDelegate : Finished Spring Data repository scanning in 11 ms. Found 2 JPA repository interfaces.
2025-11-27T01:57:53.515+05:30  INFO 3776 --- [auth] [restartedMain] o.s.boot.tomcat.TomcatWebServer          : Tomcat initialized with port 8080 (http)
2025-11-27T01:57:53.516+05:30  INFO 3776 --- [auth] [restartedMain] o.apache.catalina.core.StandardService   : Starting service [Tomcat]
2025-11-27T01:57:53.516+05:30  INFO 3776 --- [auth] [restartedMain] o.apache.catalina.core.StandardEngine    : Starting Servlet engine: [Apache Tomcat/11.0.14]
2025-11-27T01:57:53.553+05:30  INFO 3776 --- [auth] [restartedMain] b.w.c.s.WebApplicationContextInitializer : Root WebApplicationContext: initialization completed in 369 ms
2025-11-27T01:57:53.596+05:30  INFO 3776 --- [auth] [restartedMain] o.hibernate.jpa.internal.util.LogHelper  : HHH000204: Processing PersistenceUnitInfo [name: default]
2025-11-27T01:57:53.634+05:30  INFO 3776 --- [auth] [restartedMain] o.s.o.j.p.SpringPersistenceUnitInfo      : No LoadTimeWeaver setup: ignoring JPA class transformer
2025-11-27T01:57:53.635+05:30  INFO 3776 --- [auth] [restartedMain] com.zaxxer.hikari.HikariDataSource       : HikariPool-34 - Starting...
2025-11-27T01:57:53.678+05:30  INFO 3776 --- [auth] [restartedMain] com.zaxxer.hikari.pool.HikariPool        : HikariPool-34 - Added connection org.postgresql.jdbc.PgConnection@6bf174c
2025-11-27T01:57:53.679+05:30  INFO 3776 --- [auth] [restartedMain] com.zaxxer.hikari.HikariDataSource       : HikariPool-34 - Start completed.
2025-11-27T01:57:53.682+05:30  WARN 3776 --- [auth] [restartedMain] org.hibernate.orm.deprecation            : HHH90000025: PostgreSQLDialect does not need to be specified explicitly using 'hibernate.dialect' (remove the property setting and it will be selected by default)
2025-11-27T01:57:53.685+05:30  INFO 3776 --- [auth] [restartedMain] org.hibernate.orm.connections.pooling    : HHH10001005: Database info:
	Database JDBC URL [jdbc:postgresql://localhost:5432/employee]
	Database driver: PostgreSQL JDBC Driver
	Database dialect: PostgreSQLDialect
	Database version: 17.5
	Default catalog/schema: employee/public
	Autocommit mode: undefined/unknown
	Isolation level: READ_COMMITTED [default READ_COMMITTED]
	JDBC fetch size: none
	Pool: DatasourceConnectionProviderImpl
	Minimum pool size: undefined/unknown
	Maximum pool size: undefined/unknown
2025-11-27T01:57:53.733+05:30  INFO 3776 --- [auth] [restartedMain] o.h.e.t.j.p.i.JtaPlatformInitiator       : HHH000489: No JTA platform available (set 'hibernate.transaction.jta.platform' to enable JTA platform integration)
2025-11-27T01:57:53.759+05:30  INFO 3776 --- [auth] [restartedMain] j.LocalContainerEntityManagerFactoryBean : Initialized JPA EntityManagerFactory for persistence unit 'default'
2025-11-27T01:57:53.810+05:30 DEBUG 3776 --- [auth] [restartedMain] com.prabhakar.auth.security.JwtFilter    : Filter 'jwtFilter' configured for use
2025-11-27T01:57:53.825+05:30  INFO 3776 --- [auth] [restartedMain] r$InitializeUserDetailsManagerConfigurer : Global AuthenticationManager configured with UserDetailsService bean with name myUserDetailsService
2025-11-27T01:57:53.905+05:30  WARN 3776 --- [auth] [restartedMain] JpaBaseConfiguration$JpaWebConfiguration : spring.jpa.open-in-view is enabled by default. Therefore, database queries may be performed during view rendering. Explicitly configure spring.jpa.open-in-view to disable this warning
2025-11-27T01:57:54.160+05:30  INFO 3776 --- [auth] [restartedMain] o.s.boot.tomcat.TomcatWebServer          : Tomcat started on port 8080 (http) with context path '/'
2025-11-27T01:57:54.160+05:30  INFO 3776 --- [auth] [restartedMain] com.prabhakar.auth.AuthApplication       : Started AuthApplication in 1.002 seconds (process running for 3412.358)
2025-11-27T01:57:54.163+05:30  INFO 3776 --- [auth] [restartedMain] .ConditionEvaluationDeltaLoggingListener : Condition evaluation unchanged
2025-11-27T01:58:03.758+05:30  INFO 3776 --- [auth] [File Watcher] rtingClassPathChangeChangedEventListener : Restarting due to 1 class path change (0 additions, 0 deletions, 1 modification)
2025-11-27T01:58:03.760+05:30  INFO 3776 --- [auth] [Thread-135] o.s.boot.tomcat.GracefulShutdown         : Commencing graceful shutdown. Waiting for active requests to complete
2025-11-27T01:58:03.766+05:30  INFO 3776 --- [auth] [tomcat-shutdown] o.s.boot.tomcat.GracefulShutdown         : Graceful shutdown complete
2025-11-27T01:58:03.768+05:30  INFO 3776 --- [auth] [Thread-135] j.LocalContainerEntityManagerFactoryBean : Closing JPA EntityManagerFactory for persistence unit 'default'
2025-11-27T01:58:03.768+05:30  INFO 3776 --- [auth] [Thread-135] com.zaxxer.hikari.HikariDataSource       : HikariPool-34 - Shutdown initiated...
2025-11-27T01:58:03.774+05:30  INFO 3776 --- [auth] [Thread-135] com.zaxxer.hikari.HikariDataSource       : HikariPool-34 - Shutdown completed.
2025-11-27T01:58:03.836+05:30  INFO 3776 --- [auth] [restartedMain] com.prabhakar.auth.AuthApplication       : Starting AuthApplication using Java 21.0.7 with PID 3776 (D:\SpringBoot\auth\target\classes started by dell in D:\SpringBoot\auth)
2025-11-27T01:58:03.836+05:30 DEBUG 3776 --- [auth] [restartedMain] com.prabhakar.auth.AuthApplication       : Running with Spring Boot v4.0.0, Spring v7.0.1
2025-11-27T01:58:03.836+05:30  INFO 3776 --- [auth] [restartedMain] com.prabhakar.auth.AuthApplication       : No active profile set, falling back to 1 default profile: "default"
2025-11-27T01:58:03.939+05:30  INFO 3776 --- [auth] [restartedMain] .s.d.r.c.RepositoryConfigurationDelegate : Bootstrapping Spring Data JPA repositories in DEFAULT mode.
2025-11-27T01:58:03.944+05:30  INFO 3776 --- [auth] [restartedMain] .s.d.r.c.RepositoryConfigurationDelegate : Finished Spring Data repository scanning in 4 ms. Found 2 JPA repository interfaces.
2025-11-27T01:58:03.988+05:30  INFO 3776 --- [auth] [restartedMain] o.s.boot.tomcat.TomcatWebServer          : Tomcat initialized with port 8080 (http)
2025-11-27T01:58:03.988+05:30  INFO 3776 --- [auth] [restartedMain] o.apache.catalina.core.StandardService   : Starting service [Tomcat]
2025-11-27T01:58:03.989+05:30  INFO 3776 --- [auth] [restartedMain] o.apache.catalina.core.StandardEngine    : Starting Servlet engine: [Apache Tomcat/11.0.14]
2025-11-27T01:58:03.999+05:30  INFO 3776 --- [auth] [restartedMain] b.w.c.s.WebApplicationContextInitializer : Root WebApplicationContext: initialization completed in 161 ms
2025-11-27T01:58:04.014+05:30  INFO 3776 --- [auth] [restartedMain] o.hibernate.jpa.internal.util.LogHelper  : HHH000204: Processing PersistenceUnitInfo [name: default]
2025-11-27T01:58:04.030+05:30  INFO 3776 --- [auth] [restartedMain] o.s.o.j.p.SpringPersistenceUnitInfo      : No LoadTimeWeaver setup: ignoring JPA class transformer
2025-11-27T01:58:04.031+05:30  INFO 3776 --- [auth] [restartedMain] com.zaxxer.hikari.HikariDataSource       : HikariPool-35 - Starting...
2025-11-27T01:58:04.053+05:30  INFO 3776 --- [auth] [restartedMain] com.zaxxer.hikari.pool.HikariPool        : HikariPool-35 - Added connection org.postgresql.jdbc.PgConnection@2711baeb
2025-11-27T01:58:04.053+05:30  INFO 3776 --- [auth] [restartedMain] com.zaxxer.hikari.HikariDataSource       : HikariPool-35 - Start completed.
2025-11-27T01:58:04.056+05:30  WARN 3776 --- [auth] [restartedMain] org.hibernate.orm.deprecation            : HHH90000025: PostgreSQLDialect does not need to be specified explicitly using 'hibernate.dialect' (remove the property setting and it will be selected by default)
2025-11-27T01:58:04.060+05:30  INFO 3776 --- [auth] [restartedMain] org.hibernate.orm.connections.pooling    : HHH10001005: Database info:
	Database JDBC URL [jdbc:postgresql://localhost:5432/employee]
	Database driver: PostgreSQL JDBC Driver
	Database dialect: PostgreSQLDialect
	Database version: 17.5
	Default catalog/schema: employee/public
	Autocommit mode: undefined/unknown
	Isolation level: READ_COMMITTED [default READ_COMMITTED]
	JDBC fetch size: none
	Pool: DatasourceConnectionProviderImpl
	Minimum pool size: undefined/unknown
	Maximum pool size: undefined/unknown
2025-11-27T01:58:04.082+05:30  INFO 3776 --- [auth] [restartedMain] o.h.e.t.j.p.i.JtaPlatformInitiator       : HHH000489: No JTA platform available (set 'hibernate.transaction.jta.platform' to enable JTA platform integration)
2025-11-27T01:58:04.105+05:30  INFO 3776 --- [auth] [restartedMain] j.LocalContainerEntityManagerFactoryBean : Initialized JPA EntityManagerFactory for persistence unit 'default'
2025-11-27T01:58:04.131+05:30 DEBUG 3776 --- [auth] [restartedMain] com.prabhakar.auth.security.JwtFilter    : Filter 'jwtFilter' configured for use
2025-11-27T01:58:04.141+05:30  INFO 3776 --- [auth] [restartedMain] r$InitializeUserDetailsManagerConfigurer : Global AuthenticationManager configured with UserDetailsService bean with name myUserDetailsService
2025-11-27T01:58:04.187+05:30  WARN 3776 --- [auth] [restartedMain] JpaBaseConfiguration$JpaWebConfiguration : spring.jpa.open-in-view is enabled by default. Therefore, database queries may be performed during view rendering. Explicitly configure spring.jpa.open-in-view to disable this warning
2025-11-27T01:58:04.309+05:30  INFO 3776 --- [auth] [restartedMain] o.s.boot.tomcat.TomcatWebServer          : Tomcat started on port 8080 (http) with context path '/'
2025-11-27T01:58:04.310+05:30  INFO 3776 --- [auth] [restartedMain] com.prabhakar.auth.AuthApplication       : Started AuthApplication in 0.487 seconds (process running for 3422.507)
2025-11-27T01:58:04.311+05:30  INFO 3776 --- [auth] [restartedMain] .ConditionEvaluationDeltaLoggingListener : Condition evaluation unchanged
2025-11-27T02:03:32.023+05:30  INFO 3776 --- [auth] [File Watcher] rtingClassPathChangeChangedEventListener : Restarting due to 1 class path change (1 addition, 0 deletions, 0 modifications)
2025-11-27T02:03:32.025+05:30  INFO 3776 --- [auth] [Thread-139] o.s.boot.tomcat.GracefulShutdown         : Commencing graceful shutdown. Waiting for active requests to complete
2025-11-27T02:03:32.031+05:30  INFO 3776 --- [auth] [tomcat-shutdown] o.s.boot.tomcat.GracefulShutdown         : Graceful shutdown complete
2025-11-27T02:03:32.034+05:30  INFO 3776 --- [auth] [Thread-139] j.LocalContainerEntityManagerFactoryBean : Closing JPA EntityManagerFactory for persistence unit 'default'
2025-11-27T02:03:32.035+05:30  INFO 3776 --- [auth] [Thread-139] com.zaxxer.hikari.HikariDataSource       : HikariPool-35 - Shutdown initiated...
2025-11-27T02:03:32.041+05:30  INFO 3776 --- [auth] [Thread-139] com.zaxxer.hikari.HikariDataSource       : HikariPool-35 - Shutdown completed.
